ERROR - 2023-08-25 02:48:02 --> Error connecting to the database: mysqli_sql_exception: No connection could be made because the target machine actively refused it in C:\xampp\htdocs\latihan\system\Database\MySQLi\Connection.php:174
Stack trace:
#0 C:\xampp\htdocs\latihan\system\Database\MySQLi\Connection.php(174): mysqli->real_connect('localhost', 'root', '', 'hotel', 3306, '', 0)
#1 C:\xampp\htdocs\latihan\system\Database\BaseConnection.php(391): CodeIgniter\Database\MySQLi\Connection->connect(false)
#2 C:\xampp\htdocs\latihan\system\Database\BaseConnection.php(574): CodeIgniter\Database\BaseConnection->initialize()
#3 C:\xampp\htdocs\latihan\system\Database\BaseBuilder.php(1616): CodeIgniter\Database\BaseConnection->query('SELECT *\nFROM `...', Array, false)
#4 C:\xampp\htdocs\latihan\system\Model.php(241): CodeIgniter\Database\BaseBuilder->get()
#5 C:\xampp\htdocs\latihan\system\BaseModel.php(618): CodeIgniter\Model->doFindAll(0, 0)
#6 C:\xampp\htdocs\latihan\app\Controllers\Home.php(12): CodeIgniter\BaseModel->findAll()
#7 C:\xampp\htdocs\latihan\system\CodeIgniter.php(932): App\Controllers\Home->index()
#8 C:\xampp\htdocs\latihan\system\CodeIgniter.php(497): CodeIgniter\CodeIgniter->runController(Object(App\Controllers\Home))
#9 C:\xampp\htdocs\latihan\system\CodeIgniter.php(366): CodeIgniter\CodeIgniter->handleRequest(NULL, Object(Config\Cache), false)
#10 C:\xampp\htdocs\latihan\public\index.php(67): CodeIgniter\CodeIgniter->run()
#11 C:\xampp\htdocs\latihan\system\Commands\Server\rewrite.php(47): require_once('C:\\xampp\\htdocs...')
#12 {main}

Next CodeIgniter\Database\Exceptions\DatabaseException: No connection could be made because the target machine actively refused it in C:\xampp\htdocs\latihan\system\Database\MySQLi\Connection.php:218
Stack trace:
#0 C:\xampp\htdocs\latihan\system\Database\BaseConnection.php(391): CodeIgniter\Database\MySQLi\Connection->connect(false)
#1 C:\xampp\htdocs\latihan\system\Database\BaseConnection.php(574): CodeIgniter\Database\BaseConnection->initialize()
#2 C:\xampp\htdocs\latihan\system\Database\BaseBuilder.php(1616): CodeIgniter\Database\BaseConnection->query('SELECT *\nFROM `...', Array, false)
#3 C:\xampp\htdocs\latihan\system\Model.php(241): CodeIgniter\Database\BaseBuilder->get()
#4 C:\xampp\htdocs\latihan\system\BaseModel.php(618): CodeIgniter\Model->doFindAll(0, 0)
#5 C:\xampp\htdocs\latihan\app\Controllers\Home.php(12): CodeIgniter\BaseModel->findAll()
#6 C:\xampp\htdocs\latihan\system\CodeIgniter.php(932): App\Controllers\Home->index()
#7 C:\xampp\htdocs\latihan\system\CodeIgniter.php(497): CodeIgniter\CodeIgniter->runController(Object(App\Controllers\Home))
#8 C:\xampp\htdocs\latihan\system\CodeIgniter.php(366): CodeIgniter\CodeIgniter->handleRequest(NULL, Object(Config\Cache), false)
#9 C:\xampp\htdocs\latihan\public\index.php(67): CodeIgniter\CodeIgniter->run()
#10 C:\xampp\htdocs\latihan\system\Commands\Server\rewrite.php(47): require_once('C:\\xampp\\htdocs...')
#11 {main}
CRITICAL - 2023-08-25 02:48:02 --> Unable to connect to the database.
Main connection [MySQLi]: No connection could be made because the target machine actively refused it
in SYSTEMPATH\Database\BaseConnection.php on line 427.
 1 SYSTEMPATH\Database\BaseConnection.php(574): CodeIgniter\Database\BaseConnection->initialize()
 2 SYSTEMPATH\Database\BaseBuilder.php(1616): CodeIgniter\Database\BaseConnection->query('SELECT *
FROM `tipe_kamar`', [], false)
 3 SYSTEMPATH\Model.php(241): CodeIgniter\Database\BaseBuilder->get()
 4 SYSTEMPATH\BaseModel.php(618): CodeIgniter\Model->doFindAll(0, 0)
 5 APPPATH\Controllers\Home.php(12): CodeIgniter\BaseModel->findAll()
 6 SYSTEMPATH\CodeIgniter.php(932): App\Controllers\Home->index()
 7 SYSTEMPATH\CodeIgniter.php(497): CodeIgniter\CodeIgniter->runController(Object(App\Controllers\Home))
 8 SYSTEMPATH\CodeIgniter.php(366): CodeIgniter\CodeIgniter->handleRequest(null, Object(Config\Cache), false)
 9 FCPATH\index.php(67): CodeIgniter\CodeIgniter->run()
10 SYSTEMPATH\Commands\Server\rewrite.php(47): require_once('C:\\xampp\\htdocs\\latihan\\public\\index.php')
ERROR - 2023-08-25 02:48:37 --> Error connecting to the database: mysqli_sql_exception: No connection could be made because the target machine actively refused it in C:\xampp\htdocs\latihan\system\Database\MySQLi\Connection.php:174
Stack trace:
#0 C:\xampp\htdocs\latihan\system\Database\MySQLi\Connection.php(174): mysqli->real_connect('localhost', 'root', '', 'hotel', 3306, '', 0)
#1 C:\xampp\htdocs\latihan\system\Database\BaseConnection.php(391): CodeIgniter\Database\MySQLi\Connection->connect(false)
#2 C:\xampp\htdocs\latihan\system\Database\BaseConnection.php(574): CodeIgniter\Database\BaseConnection->initialize()
#3 C:\xampp\htdocs\latihan\system\Database\BaseBuilder.php(1616): CodeIgniter\Database\BaseConnection->query('SELECT *\nFROM `...', Array, false)
#4 C:\xampp\htdocs\latihan\system\Model.php(241): CodeIgniter\Database\BaseBuilder->get()
#5 C:\xampp\htdocs\latihan\system\BaseModel.php(618): CodeIgniter\Model->doFindAll(0, 0)
#6 C:\xampp\htdocs\latihan\app\Controllers\Home.php(12): CodeIgniter\BaseModel->findAll()
#7 C:\xampp\htdocs\latihan\system\CodeIgniter.php(932): App\Controllers\Home->index()
#8 C:\xampp\htdocs\latihan\system\CodeIgniter.php(497): CodeIgniter\CodeIgniter->runController(Object(App\Controllers\Home))
#9 C:\xampp\htdocs\latihan\system\CodeIgniter.php(366): CodeIgniter\CodeIgniter->handleRequest(NULL, Object(Config\Cache), false)
#10 C:\xampp\htdocs\latihan\public\index.php(67): CodeIgniter\CodeIgniter->run()
#11 C:\xampp\htdocs\latihan\system\Commands\Server\rewrite.php(47): require_once('C:\\xampp\\htdocs...')
#12 {main}

Next CodeIgniter\Database\Exceptions\DatabaseException: No connection could be made because the target machine actively refused it in C:\xampp\htdocs\latihan\system\Database\MySQLi\Connection.php:218
Stack trace:
#0 C:\xampp\htdocs\latihan\system\Database\BaseConnection.php(391): CodeIgniter\Database\MySQLi\Connection->connect(false)
#1 C:\xampp\htdocs\latihan\system\Database\BaseConnection.php(574): CodeIgniter\Database\BaseConnection->initialize()
#2 C:\xampp\htdocs\latihan\system\Database\BaseBuilder.php(1616): CodeIgniter\Database\BaseConnection->query('SELECT *\nFROM `...', Array, false)
#3 C:\xampp\htdocs\latihan\system\Model.php(241): CodeIgniter\Database\BaseBuilder->get()
#4 C:\xampp\htdocs\latihan\system\BaseModel.php(618): CodeIgniter\Model->doFindAll(0, 0)
#5 C:\xampp\htdocs\latihan\app\Controllers\Home.php(12): CodeIgniter\BaseModel->findAll()
#6 C:\xampp\htdocs\latihan\system\CodeIgniter.php(932): App\Controllers\Home->index()
#7 C:\xampp\htdocs\latihan\system\CodeIgniter.php(497): CodeIgniter\CodeIgniter->runController(Object(App\Controllers\Home))
#8 C:\xampp\htdocs\latihan\system\CodeIgniter.php(366): CodeIgniter\CodeIgniter->handleRequest(NULL, Object(Config\Cache), false)
#9 C:\xampp\htdocs\latihan\public\index.php(67): CodeIgniter\CodeIgniter->run()
#10 C:\xampp\htdocs\latihan\system\Commands\Server\rewrite.php(47): require_once('C:\\xampp\\htdocs...')
#11 {main}
CRITICAL - 2023-08-25 02:48:37 --> Unable to connect to the database.
Main connection [MySQLi]: No connection could be made because the target machine actively refused it
in SYSTEMPATH\Database\BaseConnection.php on line 427.
 1 SYSTEMPATH\Database\BaseConnection.php(574): CodeIgniter\Database\BaseConnection->initialize()
 2 SYSTEMPATH\Database\BaseBuilder.php(1616): CodeIgniter\Database\BaseConnection->query('SELECT *
FROM `tipe_kamar`', [], false)
 3 SYSTEMPATH\Model.php(241): CodeIgniter\Database\BaseBuilder->get()
 4 SYSTEMPATH\BaseModel.php(618): CodeIgniter\Model->doFindAll(0, 0)
 5 APPPATH\Controllers\Home.php(12): CodeIgniter\BaseModel->findAll()
 6 SYSTEMPATH\CodeIgniter.php(932): App\Controllers\Home->index()
 7 SYSTEMPATH\CodeIgniter.php(497): CodeIgniter\CodeIgniter->runController(Object(App\Controllers\Home))
 8 SYSTEMPATH\CodeIgniter.php(366): CodeIgniter\CodeIgniter->handleRequest(null, Object(Config\Cache), false)
 9 FCPATH\index.php(67): CodeIgniter\CodeIgniter->run()
10 SYSTEMPATH\Commands\Server\rewrite.php(47): require_once('C:\\xampp\\htdocs\\latihan\\public\\index.php')
ERROR - 2023-08-25 02:48:42 --> Error connecting to the database: mysqli_sql_exception: No connection could be made because the target machine actively refused it in C:\xampp\htdocs\latihan\system\Database\MySQLi\Connection.php:174
Stack trace:
#0 C:\xampp\htdocs\latihan\system\Database\MySQLi\Connection.php(174): mysqli->real_connect('localhost', 'root', '', 'hotel', 3306, '', 0)
#1 C:\xampp\htdocs\latihan\system\Database\BaseConnection.php(391): CodeIgniter\Database\MySQLi\Connection->connect(false)
#2 C:\xampp\htdocs\latihan\system\Database\BaseConnection.php(574): CodeIgniter\Database\BaseConnection->initialize()
#3 C:\xampp\htdocs\latihan\system\Database\BaseBuilder.php(1616): CodeIgniter\Database\BaseConnection->query('SELECT *\nFROM `...', Array, false)
#4 C:\xampp\htdocs\latihan\system\Model.php(241): CodeIgniter\Database\BaseBuilder->get()
#5 C:\xampp\htdocs\latihan\system\BaseModel.php(618): CodeIgniter\Model->doFindAll(0, 0)
#6 C:\xampp\htdocs\latihan\app\Controllers\Home.php(12): CodeIgniter\BaseModel->findAll()
#7 C:\xampp\htdocs\latihan\system\CodeIgniter.php(932): App\Controllers\Home->index()
#8 C:\xampp\htdocs\latihan\system\CodeIgniter.php(497): CodeIgniter\CodeIgniter->runController(Object(App\Controllers\Home))
#9 C:\xampp\htdocs\latihan\system\CodeIgniter.php(366): CodeIgniter\CodeIgniter->handleRequest(NULL, Object(Config\Cache), false)
#10 C:\xampp\htdocs\latihan\public\index.php(67): CodeIgniter\CodeIgniter->run()
#11 C:\xampp\htdocs\latihan\system\Commands\Server\rewrite.php(47): require_once('C:\\xampp\\htdocs...')
#12 {main}

Next CodeIgniter\Database\Exceptions\DatabaseException: No connection could be made because the target machine actively refused it in C:\xampp\htdocs\latihan\system\Database\MySQLi\Connection.php:218
Stack trace:
#0 C:\xampp\htdocs\latihan\system\Database\BaseConnection.php(391): CodeIgniter\Database\MySQLi\Connection->connect(false)
#1 C:\xampp\htdocs\latihan\system\Database\BaseConnection.php(574): CodeIgniter\Database\BaseConnection->initialize()
#2 C:\xampp\htdocs\latihan\system\Database\BaseBuilder.php(1616): CodeIgniter\Database\BaseConnection->query('SELECT *\nFROM `...', Array, false)
#3 C:\xampp\htdocs\latihan\system\Model.php(241): CodeIgniter\Database\BaseBuilder->get()
#4 C:\xampp\htdocs\latihan\system\BaseModel.php(618): CodeIgniter\Model->doFindAll(0, 0)
#5 C:\xampp\htdocs\latihan\app\Controllers\Home.php(12): CodeIgniter\BaseModel->findAll()
#6 C:\xampp\htdocs\latihan\system\CodeIgniter.php(932): App\Controllers\Home->index()
#7 C:\xampp\htdocs\latihan\system\CodeIgniter.php(497): CodeIgniter\CodeIgniter->runController(Object(App\Controllers\Home))
#8 C:\xampp\htdocs\latihan\system\CodeIgniter.php(366): CodeIgniter\CodeIgniter->handleRequest(NULL, Object(Config\Cache), false)
#9 C:\xampp\htdocs\latihan\public\index.php(67): CodeIgniter\CodeIgniter->run()
#10 C:\xampp\htdocs\latihan\system\Commands\Server\rewrite.php(47): require_once('C:\\xampp\\htdocs...')
#11 {main}
CRITICAL - 2023-08-25 02:48:42 --> Unable to connect to the database.
Main connection [MySQLi]: No connection could be made because the target machine actively refused it
in SYSTEMPATH\Database\BaseConnection.php on line 427.
 1 SYSTEMPATH\Database\BaseConnection.php(574): CodeIgniter\Database\BaseConnection->initialize()
 2 SYSTEMPATH\Database\BaseBuilder.php(1616): CodeIgniter\Database\BaseConnection->query('SELECT *
FROM `tipe_kamar`', [], false)
 3 SYSTEMPATH\Model.php(241): CodeIgniter\Database\BaseBuilder->get()
 4 SYSTEMPATH\BaseModel.php(618): CodeIgniter\Model->doFindAll(0, 0)
 5 APPPATH\Controllers\Home.php(12): CodeIgniter\BaseModel->findAll()
 6 SYSTEMPATH\CodeIgniter.php(932): App\Controllers\Home->index()
 7 SYSTEMPATH\CodeIgniter.php(497): CodeIgniter\CodeIgniter->runController(Object(App\Controllers\Home))
 8 SYSTEMPATH\CodeIgniter.php(366): CodeIgniter\CodeIgniter->handleRequest(null, Object(Config\Cache), false)
 9 FCPATH\index.php(67): CodeIgniter\CodeIgniter->run()
10 SYSTEMPATH\Commands\Server\rewrite.php(47): require_once('C:\\xampp\\htdocs\\latihan\\public\\index.php')
ERROR - 2023-08-25 02:50:49 --> Error connecting to the database: mysqli_sql_exception: No connection could be made because the target machine actively refused it in C:\xampp\htdocs\latihan\system\Database\MySQLi\Connection.php:174
Stack trace:
#0 C:\xampp\htdocs\latihan\system\Database\MySQLi\Connection.php(174): mysqli->real_connect('localhost', 'root', '', 'hotel', 3306, '', 0)
#1 C:\xampp\htdocs\latihan\system\Database\BaseConnection.php(391): CodeIgniter\Database\MySQLi\Connection->connect(false)
#2 C:\xampp\htdocs\latihan\system\Database\BaseConnection.php(574): CodeIgniter\Database\BaseConnection->initialize()
#3 C:\xampp\htdocs\latihan\system\Database\BaseBuilder.php(1616): CodeIgniter\Database\BaseConnection->query('SELECT *\nFROM `...', Array, false)
#4 C:\xampp\htdocs\latihan\system\Model.php(241): CodeIgniter\Database\BaseBuilder->get()
#5 C:\xampp\htdocs\latihan\system\BaseModel.php(618): CodeIgniter\Model->doFindAll(0, 0)
#6 C:\xampp\htdocs\latihan\app\Controllers\Home.php(12): CodeIgniter\BaseModel->findAll()
#7 C:\xampp\htdocs\latihan\system\CodeIgniter.php(932): App\Controllers\Home->index()
#8 C:\xampp\htdocs\latihan\system\CodeIgniter.php(497): CodeIgniter\CodeIgniter->runController(Object(App\Controllers\Home))
#9 C:\xampp\htdocs\latihan\system\CodeIgniter.php(366): CodeIgniter\CodeIgniter->handleRequest(NULL, Object(Config\Cache), false)
#10 C:\xampp\htdocs\latihan\public\index.php(67): CodeIgniter\CodeIgniter->run()
#11 C:\xampp\htdocs\latihan\system\Commands\Server\rewrite.php(47): require_once('C:\\xampp\\htdocs...')
#12 {main}

Next CodeIgniter\Database\Exceptions\DatabaseException: No connection could be made because the target machine actively refused it in C:\xampp\htdocs\latihan\system\Database\MySQLi\Connection.php:218
Stack trace:
#0 C:\xampp\htdocs\latihan\system\Database\BaseConnection.php(391): CodeIgniter\Database\MySQLi\Connection->connect(false)
#1 C:\xampp\htdocs\latihan\system\Database\BaseConnection.php(574): CodeIgniter\Database\BaseConnection->initialize()
#2 C:\xampp\htdocs\latihan\system\Database\BaseBuilder.php(1616): CodeIgniter\Database\BaseConnection->query('SELECT *\nFROM `...', Array, false)
#3 C:\xampp\htdocs\latihan\system\Model.php(241): CodeIgniter\Database\BaseBuilder->get()
#4 C:\xampp\htdocs\latihan\system\BaseModel.php(618): CodeIgniter\Model->doFindAll(0, 0)
#5 C:\xampp\htdocs\latihan\app\Controllers\Home.php(12): CodeIgniter\BaseModel->findAll()
#6 C:\xampp\htdocs\latihan\system\CodeIgniter.php(932): App\Controllers\Home->index()
#7 C:\xampp\htdocs\latihan\system\CodeIgniter.php(497): CodeIgniter\CodeIgniter->runController(Object(App\Controllers\Home))
#8 C:\xampp\htdocs\latihan\system\CodeIgniter.php(366): CodeIgniter\CodeIgniter->handleRequest(NULL, Object(Config\Cache), false)
#9 C:\xampp\htdocs\latihan\public\index.php(67): CodeIgniter\CodeIgniter->run()
#10 C:\xampp\htdocs\latihan\system\Commands\Server\rewrite.php(47): require_once('C:\\xampp\\htdocs...')
#11 {main}
CRITICAL - 2023-08-25 02:50:49 --> Unable to connect to the database.
Main connection [MySQLi]: No connection could be made because the target machine actively refused it
in SYSTEMPATH\Database\BaseConnection.php on line 427.
 1 SYSTEMPATH\Database\BaseConnection.php(574): CodeIgniter\Database\BaseConnection->initialize()
 2 SYSTEMPATH\Database\BaseBuilder.php(1616): CodeIgniter\Database\BaseConnection->query('SELECT *
FROM `tipe_kamar`', [], false)
 3 SYSTEMPATH\Model.php(241): CodeIgniter\Database\BaseBuilder->get()
 4 SYSTEMPATH\BaseModel.php(618): CodeIgniter\Model->doFindAll(0, 0)
 5 APPPATH\Controllers\Home.php(12): CodeIgniter\BaseModel->findAll()
 6 SYSTEMPATH\CodeIgniter.php(932): App\Controllers\Home->index()
 7 SYSTEMPATH\CodeIgniter.php(497): CodeIgniter\CodeIgniter->runController(Object(App\Controllers\Home))
 8 SYSTEMPATH\CodeIgniter.php(366): CodeIgniter\CodeIgniter->handleRequest(null, Object(Config\Cache), false)
 9 FCPATH\index.php(67): CodeIgniter\CodeIgniter->run()
10 SYSTEMPATH\Commands\Server\rewrite.php(47): require_once('C:\\xampp\\htdocs\\latihan\\public\\index.php')
ERROR - 2023-08-25 11:24:34 --> Error connecting to the database: mysqli_sql_exception: No connection could be made because the target machine actively refused it in C:\xampp\htdocs\latihan\system\Database\MySQLi\Connection.php:174
Stack trace:
#0 C:\xampp\htdocs\latihan\system\Database\MySQLi\Connection.php(174): mysqli->real_connect('localhost', 'root', '', 'hotel', 3306, '', 0)
#1 C:\xampp\htdocs\latihan\system\Database\BaseConnection.php(391): CodeIgniter\Database\MySQLi\Connection->connect(false)
#2 C:\xampp\htdocs\latihan\system\Database\BaseConnection.php(574): CodeIgniter\Database\BaseConnection->initialize()
#3 C:\xampp\htdocs\latihan\system\Database\BaseBuilder.php(1616): CodeIgniter\Database\BaseConnection->query('SELECT *\nFROM `...', Array, false)
#4 C:\xampp\htdocs\latihan\system\Model.php(241): CodeIgniter\Database\BaseBuilder->get()
#5 C:\xampp\htdocs\latihan\system\BaseModel.php(618): CodeIgniter\Model->doFindAll(0, 0)
#6 C:\xampp\htdocs\latihan\app\Controllers\Home.php(12): CodeIgniter\BaseModel->findAll()
#7 C:\xampp\htdocs\latihan\system\CodeIgniter.php(932): App\Controllers\Home->index()
#8 C:\xampp\htdocs\latihan\system\CodeIgniter.php(497): CodeIgniter\CodeIgniter->runController(Object(App\Controllers\Home))
#9 C:\xampp\htdocs\latihan\system\CodeIgniter.php(366): CodeIgniter\CodeIgniter->handleRequest(NULL, Object(Config\Cache), false)
#10 C:\xampp\htdocs\latihan\public\index.php(67): CodeIgniter\CodeIgniter->run()
#11 C:\xampp\htdocs\latihan\system\Commands\Server\rewrite.php(47): require_once('C:\\xampp\\htdocs...')
#12 {main}

Next CodeIgniter\Database\Exceptions\DatabaseException: No connection could be made because the target machine actively refused it in C:\xampp\htdocs\latihan\system\Database\MySQLi\Connection.php:218
Stack trace:
#0 C:\xampp\htdocs\latihan\system\Database\BaseConnection.php(391): CodeIgniter\Database\MySQLi\Connection->connect(false)
#1 C:\xampp\htdocs\latihan\system\Database\BaseConnection.php(574): CodeIgniter\Database\BaseConnection->initialize()
#2 C:\xampp\htdocs\latihan\system\Database\BaseBuilder.php(1616): CodeIgniter\Database\BaseConnection->query('SELECT *\nFROM `...', Array, false)
#3 C:\xampp\htdocs\latihan\system\Model.php(241): CodeIgniter\Database\BaseBuilder->get()
#4 C:\xampp\htdocs\latihan\system\BaseModel.php(618): CodeIgniter\Model->doFindAll(0, 0)
#5 C:\xampp\htdocs\latihan\app\Controllers\Home.php(12): CodeIgniter\BaseModel->findAll()
#6 C:\xampp\htdocs\latihan\system\CodeIgniter.php(932): App\Controllers\Home->index()
#7 C:\xampp\htdocs\latihan\system\CodeIgniter.php(497): CodeIgniter\CodeIgniter->runController(Object(App\Controllers\Home))
#8 C:\xampp\htdocs\latihan\system\CodeIgniter.php(366): CodeIgniter\CodeIgniter->handleRequest(NULL, Object(Config\Cache), false)
#9 C:\xampp\htdocs\latihan\public\index.php(67): CodeIgniter\CodeIgniter->run()
#10 C:\xampp\htdocs\latihan\system\Commands\Server\rewrite.php(47): require_once('C:\\xampp\\htdocs...')
#11 {main}
CRITICAL - 2023-08-25 11:24:34 --> Unable to connect to the database.
Main connection [MySQLi]: No connection could be made because the target machine actively refused it
in SYSTEMPATH\Database\BaseConnection.php on line 427.
 1 SYSTEMPATH\Database\BaseConnection.php(574): CodeIgniter\Database\BaseConnection->initialize()
 2 SYSTEMPATH\Database\BaseBuilder.php(1616): CodeIgniter\Database\BaseConnection->query('SELECT *
FROM `tipe_kamar`', [], false)
 3 SYSTEMPATH\Model.php(241): CodeIgniter\Database\BaseBuilder->get()
 4 SYSTEMPATH\BaseModel.php(618): CodeIgniter\Model->doFindAll(0, 0)
 5 APPPATH\Controllers\Home.php(12): CodeIgniter\BaseModel->findAll()
 6 SYSTEMPATH\CodeIgniter.php(932): App\Controllers\Home->index()
 7 SYSTEMPATH\CodeIgniter.php(497): CodeIgniter\CodeIgniter->runController(Object(App\Controllers\Home))
 8 SYSTEMPATH\CodeIgniter.php(366): CodeIgniter\CodeIgniter->handleRequest(null, Object(Config\Cache), false)
 9 FCPATH\index.php(67): CodeIgniter\CodeIgniter->run()
10 SYSTEMPATH\Commands\Server\rewrite.php(47): require_once('C:\\xampp\\htdocs\\latihan\\public\\index.php')
ERROR - 2023-08-25 12:59:11 --> mysqli_sql_exception: Column 'nama' cannot be null in C:\xampp\htdocs\latihan\system\Database\MySQLi\Connection.php:295
Stack trace:
#0 C:\xampp\htdocs\latihan\system\Database\MySQLi\Connection.php(295): mysqli->query('INSERT INTO `pe...', 0)
#1 C:\xampp\htdocs\latihan\system\Database\BaseConnection.php(692): CodeIgniter\Database\MySQLi\Connection->execute('INSERT INTO `pe...')
#2 C:\xampp\htdocs\latihan\system\Database\BaseConnection.php(606): CodeIgniter\Database\BaseConnection->simpleQuery('INSERT INTO `pe...')
#3 C:\xampp\htdocs\latihan\system\Database\BaseBuilder.php(2309): CodeIgniter\Database\BaseConnection->query('INSERT INTO `pe...', Array, false)
#4 C:\xampp\htdocs\latihan\system\Model.php(330): CodeIgniter\Database\BaseBuilder->insert()
#5 C:\xampp\htdocs\latihan\system\BaseModel.php(782): CodeIgniter\Model->doInsert(Array)
#6 C:\xampp\htdocs\latihan\system\Model.php(730): CodeIgniter\BaseModel->insert(Array, true)
#7 C:\xampp\htdocs\latihan\app\Controllers\PemesananController.php(31): CodeIgniter\Model->insert(Array)
#8 C:\xampp\htdocs\latihan\system\CodeIgniter.php(932): App\Controllers\PemesananController->simpanData()
#9 C:\xampp\htdocs\latihan\system\CodeIgniter.php(497): CodeIgniter\CodeIgniter->runController(Object(App\Controllers\PemesananController))
#10 C:\xampp\htdocs\latihan\system\CodeIgniter.php(366): CodeIgniter\CodeIgniter->handleRequest(NULL, Object(Config\Cache), false)
#11 C:\xampp\htdocs\latihan\public\index.php(67): CodeIgniter\CodeIgniter->run()
#12 C:\xampp\htdocs\latihan\system\Commands\Server\rewrite.php(47): require_once('C:\\xampp\\htdocs...')
#13 {main}
CRITICAL - 2023-08-25 12:59:11 --> Column 'nama' cannot be null
in SYSTEMPATH\Database\MySQLi\Connection.php on line 295.
 1 SYSTEMPATH\Database\MySQLi\Connection.php(295): mysqli->query('INSERT INTO `pemesanan` (`nama`, `nomor_identitas`, `jenis_kelamin`, `tipe_kamar`, `durasi`, `discount`, `total_bayar`) VALUES (NULL, NULL, NULL, NULL, NULL, NULL, NULL)', 0)
 2 SYSTEMPATH\Database\BaseConnection.php(692): CodeIgniter\Database\MySQLi\Connection->execute('INSERT INTO `pemesanan` (`nama`, `nomor_identitas`, `jenis_kelamin`, `tipe_kamar`, `durasi`, `discount`, `total_bayar`) VALUES (NULL, NULL, NULL, NULL, NULL, NULL, NULL)')
 3 SYSTEMPATH\Database\BaseConnection.php(606): CodeIgniter\Database\BaseConnection->simpleQuery('INSERT INTO `pemesanan` (`nama`, `nomor_identitas`, `jenis_kelamin`, `tipe_kamar`, `durasi`, `discount`, `total_bayar`) VALUES (NULL, NULL, NULL, NULL, NULL, NULL, NULL)')
 4 SYSTEMPATH\Database\BaseBuilder.php(2309): CodeIgniter\Database\BaseConnection->query('INSERT INTO `pemesanan` (`nama`, `nomor_identitas`, `jenis_kelamin`, `tipe_kamar`, `durasi`, `discount`, `total_bayar`) VALUES (:nama:, :nomor_identitas:, :jenis_kelamin:, :tipe_kamar:, :durasi:, :discount:, :total_bayar:)', [...], false)
 5 SYSTEMPATH\Model.php(330): CodeIgniter\Database\BaseBuilder->insert()
 6 SYSTEMPATH\BaseModel.php(782): CodeIgniter\Model->doInsert([...])
 7 SYSTEMPATH\Model.php(730): CodeIgniter\BaseModel->insert([...], true)
 8 APPPATH\Controllers\PemesananController.php(31): CodeIgniter\Model->insert([...])
 9 SYSTEMPATH\CodeIgniter.php(932): App\Controllers\PemesananController->simpanData()
10 SYSTEMPATH\CodeIgniter.php(497): CodeIgniter\CodeIgniter->runController(Object(App\Controllers\PemesananController))
11 SYSTEMPATH\CodeIgniter.php(366): CodeIgniter\CodeIgniter->handleRequest(null, Object(Config\Cache), false)
12 FCPATH\index.php(67): CodeIgniter\CodeIgniter->run()
13 SYSTEMPATH\Commands\Server\rewrite.php(47): require_once('C:\\xampp\\htdocs\\latihan\\public\\index.php')
ERROR - 2023-08-25 12:59:11 --> mysqli_sql_exception: Column 'nama' cannot be null in C:\xampp\htdocs\latihan\system\Database\MySQLi\Connection.php:295
Stack trace:
#0 C:\xampp\htdocs\latihan\system\Database\MySQLi\Connection.php(295): mysqli->query('INSERT INTO `pe...', 0)
#1 C:\xampp\htdocs\latihan\system\Database\BaseConnection.php(692): CodeIgniter\Database\MySQLi\Connection->execute('INSERT INTO `pe...')
#2 C:\xampp\htdocs\latihan\system\Database\BaseConnection.php(606): CodeIgniter\Database\BaseConnection->simpleQuery('INSERT INTO `pe...')
#3 C:\xampp\htdocs\latihan\system\Database\BaseBuilder.php(2309): CodeIgniter\Database\BaseConnection->query('INSERT INTO `pe...', Array, false)
#4 C:\xampp\htdocs\latihan\system\Model.php(330): CodeIgniter\Database\BaseBuilder->insert()
#5 C:\xampp\htdocs\latihan\system\BaseModel.php(782): CodeIgniter\Model->doInsert(Array)
#6 C:\xampp\htdocs\latihan\system\Model.php(730): CodeIgniter\BaseModel->insert(Array, true)
#7 C:\xampp\htdocs\latihan\app\Controllers\PemesananController.php(31): CodeIgniter\Model->insert(Array)
#8 C:\xampp\htdocs\latihan\system\CodeIgniter.php(932): App\Controllers\PemesananController->simpanData()
#9 C:\xampp\htdocs\latihan\system\CodeIgniter.php(497): CodeIgniter\CodeIgniter->runController(Object(App\Controllers\PemesananController))
#10 C:\xampp\htdocs\latihan\system\CodeIgniter.php(366): CodeIgniter\CodeIgniter->handleRequest(NULL, Object(Config\Cache), false)
#11 C:\xampp\htdocs\latihan\public\index.php(67): CodeIgniter\CodeIgniter->run()
#12 C:\xampp\htdocs\latihan\system\Commands\Server\rewrite.php(47): require_once('C:\\xampp\\htdocs...')
#13 {main}
CRITICAL - 2023-08-25 12:59:11 --> Column 'nama' cannot be null
in SYSTEMPATH\Database\MySQLi\Connection.php on line 295.
 1 SYSTEMPATH\Database\MySQLi\Connection.php(295): mysqli->query('INSERT INTO `pemesanan` (`nama`, `nomor_identitas`, `jenis_kelamin`, `tipe_kamar`, `durasi`, `discount`, `total_bayar`) VALUES (NULL, NULL, NULL, NULL, NULL, NULL, NULL)', 0)
 2 SYSTEMPATH\Database\BaseConnection.php(692): CodeIgniter\Database\MySQLi\Connection->execute('INSERT INTO `pemesanan` (`nama`, `nomor_identitas`, `jenis_kelamin`, `tipe_kamar`, `durasi`, `discount`, `total_bayar`) VALUES (NULL, NULL, NULL, NULL, NULL, NULL, NULL)')
 3 SYSTEMPATH\Database\BaseConnection.php(606): CodeIgniter\Database\BaseConnection->simpleQuery('INSERT INTO `pemesanan` (`nama`, `nomor_identitas`, `jenis_kelamin`, `tipe_kamar`, `durasi`, `discount`, `total_bayar`) VALUES (NULL, NULL, NULL, NULL, NULL, NULL, NULL)')
 4 SYSTEMPATH\Database\BaseBuilder.php(2309): CodeIgniter\Database\BaseConnection->query('INSERT INTO `pemesanan` (`nama`, `nomor_identitas`, `jenis_kelamin`, `tipe_kamar`, `durasi`, `discount`, `total_bayar`) VALUES (:nama:, :nomor_identitas:, :jenis_kelamin:, :tipe_kamar:, :durasi:, :discount:, :total_bayar:)', [...], false)
 5 SYSTEMPATH\Model.php(330): CodeIgniter\Database\BaseBuilder->insert()
 6 SYSTEMPATH\BaseModel.php(782): CodeIgniter\Model->doInsert([...])
 7 SYSTEMPATH\Model.php(730): CodeIgniter\BaseModel->insert([...], true)
 8 APPPATH\Controllers\PemesananController.php(31): CodeIgniter\Model->insert([...])
 9 SYSTEMPATH\CodeIgniter.php(932): App\Controllers\PemesananController->simpanData()
10 SYSTEMPATH\CodeIgniter.php(497): CodeIgniter\CodeIgniter->runController(Object(App\Controllers\PemesananController))
11 SYSTEMPATH\CodeIgniter.php(366): CodeIgniter\CodeIgniter->handleRequest(null, Object(Config\Cache), false)
12 FCPATH\index.php(67): CodeIgniter\CodeIgniter->run()
13 SYSTEMPATH\Commands\Server\rewrite.php(47): require_once('C:\\xampp\\htdocs\\latihan\\public\\index.php')
ERROR - 2023-08-25 12:59:12 --> mysqli_sql_exception: Column 'nama' cannot be null in C:\xampp\htdocs\latihan\system\Database\MySQLi\Connection.php:295
Stack trace:
#0 C:\xampp\htdocs\latihan\system\Database\MySQLi\Connection.php(295): mysqli->query('INSERT INTO `pe...', 0)
#1 C:\xampp\htdocs\latihan\system\Database\BaseConnection.php(692): CodeIgniter\Database\MySQLi\Connection->execute('INSERT INTO `pe...')
#2 C:\xampp\htdocs\latihan\system\Database\BaseConnection.php(606): CodeIgniter\Database\BaseConnection->simpleQuery('INSERT INTO `pe...')
#3 C:\xampp\htdocs\latihan\system\Database\BaseBuilder.php(2309): CodeIgniter\Database\BaseConnection->query('INSERT INTO `pe...', Array, false)
#4 C:\xampp\htdocs\latihan\system\Model.php(330): CodeIgniter\Database\BaseBuilder->insert()
#5 C:\xampp\htdocs\latihan\system\BaseModel.php(782): CodeIgniter\Model->doInsert(Array)
#6 C:\xampp\htdocs\latihan\system\Model.php(730): CodeIgniter\BaseModel->insert(Array, true)
#7 C:\xampp\htdocs\latihan\app\Controllers\PemesananController.php(31): CodeIgniter\Model->insert(Array)
#8 C:\xampp\htdocs\latihan\system\CodeIgniter.php(932): App\Controllers\PemesananController->simpanData()
#9 C:\xampp\htdocs\latihan\system\CodeIgniter.php(497): CodeIgniter\CodeIgniter->runController(Object(App\Controllers\PemesananController))
#10 C:\xampp\htdocs\latihan\system\CodeIgniter.php(366): CodeIgniter\CodeIgniter->handleRequest(NULL, Object(Config\Cache), false)
#11 C:\xampp\htdocs\latihan\public\index.php(67): CodeIgniter\CodeIgniter->run()
#12 C:\xampp\htdocs\latihan\system\Commands\Server\rewrite.php(47): require_once('C:\\xampp\\htdocs...')
#13 {main}
CRITICAL - 2023-08-25 12:59:12 --> Column 'nama' cannot be null
in SYSTEMPATH\Database\MySQLi\Connection.php on line 295.
 1 SYSTEMPATH\Database\MySQLi\Connection.php(295): mysqli->query('INSERT INTO `pemesanan` (`nama`, `nomor_identitas`, `jenis_kelamin`, `tipe_kamar`, `durasi`, `discount`, `total_bayar`) VALUES (NULL, NULL, NULL, NULL, NULL, NULL, NULL)', 0)
 2 SYSTEMPATH\Database\BaseConnection.php(692): CodeIgniter\Database\MySQLi\Connection->execute('INSERT INTO `pemesanan` (`nama`, `nomor_identitas`, `jenis_kelamin`, `tipe_kamar`, `durasi`, `discount`, `total_bayar`) VALUES (NULL, NULL, NULL, NULL, NULL, NULL, NULL)')
 3 SYSTEMPATH\Database\BaseConnection.php(606): CodeIgniter\Database\BaseConnection->simpleQuery('INSERT INTO `pemesanan` (`nama`, `nomor_identitas`, `jenis_kelamin`, `tipe_kamar`, `durasi`, `discount`, `total_bayar`) VALUES (NULL, NULL, NULL, NULL, NULL, NULL, NULL)')
 4 SYSTEMPATH\Database\BaseBuilder.php(2309): CodeIgniter\Database\BaseConnection->query('INSERT INTO `pemesanan` (`nama`, `nomor_identitas`, `jenis_kelamin`, `tipe_kamar`, `durasi`, `discount`, `total_bayar`) VALUES (:nama:, :nomor_identitas:, :jenis_kelamin:, :tipe_kamar:, :durasi:, :discount:, :total_bayar:)', [...], false)
 5 SYSTEMPATH\Model.php(330): CodeIgniter\Database\BaseBuilder->insert()
 6 SYSTEMPATH\BaseModel.php(782): CodeIgniter\Model->doInsert([...])
 7 SYSTEMPATH\Model.php(730): CodeIgniter\BaseModel->insert([...], true)
 8 APPPATH\Controllers\PemesananController.php(31): CodeIgniter\Model->insert([...])
 9 SYSTEMPATH\CodeIgniter.php(932): App\Controllers\PemesananController->simpanData()
10 SYSTEMPATH\CodeIgniter.php(497): CodeIgniter\CodeIgniter->runController(Object(App\Controllers\PemesananController))
11 SYSTEMPATH\CodeIgniter.php(366): CodeIgniter\CodeIgniter->handleRequest(null, Object(Config\Cache), false)
12 FCPATH\index.php(67): CodeIgniter\CodeIgniter->run()
13 SYSTEMPATH\Commands\Server\rewrite.php(47): require_once('C:\\xampp\\htdocs\\latihan\\public\\index.php')
ERROR - 2023-08-25 12:59:12 --> mysqli_sql_exception: Column 'nama' cannot be null in C:\xampp\htdocs\latihan\system\Database\MySQLi\Connection.php:295
Stack trace:
#0 C:\xampp\htdocs\latihan\system\Database\MySQLi\Connection.php(295): mysqli->query('INSERT INTO `pe...', 0)
#1 C:\xampp\htdocs\latihan\system\Database\BaseConnection.php(692): CodeIgniter\Database\MySQLi\Connection->execute('INSERT INTO `pe...')
#2 C:\xampp\htdocs\latihan\system\Database\BaseConnection.php(606): CodeIgniter\Database\BaseConnection->simpleQuery('INSERT INTO `pe...')
#3 C:\xampp\htdocs\latihan\system\Database\BaseBuilder.php(2309): CodeIgniter\Database\BaseConnection->query('INSERT INTO `pe...', Array, false)
#4 C:\xampp\htdocs\latihan\system\Model.php(330): CodeIgniter\Database\BaseBuilder->insert()
#5 C:\xampp\htdocs\latihan\system\BaseModel.php(782): CodeIgniter\Model->doInsert(Array)
#6 C:\xampp\htdocs\latihan\system\Model.php(730): CodeIgniter\BaseModel->insert(Array, true)
#7 C:\xampp\htdocs\latihan\app\Controllers\PemesananController.php(31): CodeIgniter\Model->insert(Array)
#8 C:\xampp\htdocs\latihan\system\CodeIgniter.php(932): App\Controllers\PemesananController->simpanData()
#9 C:\xampp\htdocs\latihan\system\CodeIgniter.php(497): CodeIgniter\CodeIgniter->runController(Object(App\Controllers\PemesananController))
#10 C:\xampp\htdocs\latihan\system\CodeIgniter.php(366): CodeIgniter\CodeIgniter->handleRequest(NULL, Object(Config\Cache), false)
#11 C:\xampp\htdocs\latihan\public\index.php(67): CodeIgniter\CodeIgniter->run()
#12 C:\xampp\htdocs\latihan\system\Commands\Server\rewrite.php(47): require_once('C:\\xampp\\htdocs...')
#13 {main}
CRITICAL - 2023-08-25 12:59:12 --> Column 'nama' cannot be null
in SYSTEMPATH\Database\MySQLi\Connection.php on line 295.
 1 SYSTEMPATH\Database\MySQLi\Connection.php(295): mysqli->query('INSERT INTO `pemesanan` (`nama`, `nomor_identitas`, `jenis_kelamin`, `tipe_kamar`, `durasi`, `discount`, `total_bayar`) VALUES (NULL, NULL, NULL, NULL, NULL, NULL, NULL)', 0)
 2 SYSTEMPATH\Database\BaseConnection.php(692): CodeIgniter\Database\MySQLi\Connection->execute('INSERT INTO `pemesanan` (`nama`, `nomor_identitas`, `jenis_kelamin`, `tipe_kamar`, `durasi`, `discount`, `total_bayar`) VALUES (NULL, NULL, NULL, NULL, NULL, NULL, NULL)')
 3 SYSTEMPATH\Database\BaseConnection.php(606): CodeIgniter\Database\BaseConnection->simpleQuery('INSERT INTO `pemesanan` (`nama`, `nomor_identitas`, `jenis_kelamin`, `tipe_kamar`, `durasi`, `discount`, `total_bayar`) VALUES (NULL, NULL, NULL, NULL, NULL, NULL, NULL)')
 4 SYSTEMPATH\Database\BaseBuilder.php(2309): CodeIgniter\Database\BaseConnection->query('INSERT INTO `pemesanan` (`nama`, `nomor_identitas`, `jenis_kelamin`, `tipe_kamar`, `durasi`, `discount`, `total_bayar`) VALUES (:nama:, :nomor_identitas:, :jenis_kelamin:, :tipe_kamar:, :durasi:, :discount:, :total_bayar:)', [...], false)
 5 SYSTEMPATH\Model.php(330): CodeIgniter\Database\BaseBuilder->insert()
 6 SYSTEMPATH\BaseModel.php(782): CodeIgniter\Model->doInsert([...])
 7 SYSTEMPATH\Model.php(730): CodeIgniter\BaseModel->insert([...], true)
 8 APPPATH\Controllers\PemesananController.php(31): CodeIgniter\Model->insert([...])
 9 SYSTEMPATH\CodeIgniter.php(932): App\Controllers\PemesananController->simpanData()
10 SYSTEMPATH\CodeIgniter.php(497): CodeIgniter\CodeIgniter->runController(Object(App\Controllers\PemesananController))
11 SYSTEMPATH\CodeIgniter.php(366): CodeIgniter\CodeIgniter->handleRequest(null, Object(Config\Cache), false)
12 FCPATH\index.php(67): CodeIgniter\CodeIgniter->run()
13 SYSTEMPATH\Commands\Server\rewrite.php(47): require_once('C:\\xampp\\htdocs\\latihan\\public\\index.php')
ERROR - 2023-08-25 12:59:12 --> mysqli_sql_exception: Column 'nama' cannot be null in C:\xampp\htdocs\latihan\system\Database\MySQLi\Connection.php:295
Stack trace:
#0 C:\xampp\htdocs\latihan\system\Database\MySQLi\Connection.php(295): mysqli->query('INSERT INTO `pe...', 0)
#1 C:\xampp\htdocs\latihan\system\Database\BaseConnection.php(692): CodeIgniter\Database\MySQLi\Connection->execute('INSERT INTO `pe...')
#2 C:\xampp\htdocs\latihan\system\Database\BaseConnection.php(606): CodeIgniter\Database\BaseConnection->simpleQuery('INSERT INTO `pe...')
#3 C:\xampp\htdocs\latihan\system\Database\BaseBuilder.php(2309): CodeIgniter\Database\BaseConnection->query('INSERT INTO `pe...', Array, false)
#4 C:\xampp\htdocs\latihan\system\Model.php(330): CodeIgniter\Database\BaseBuilder->insert()
#5 C:\xampp\htdocs\latihan\system\BaseModel.php(782): CodeIgniter\Model->doInsert(Array)
#6 C:\xampp\htdocs\latihan\system\Model.php(730): CodeIgniter\BaseModel->insert(Array, true)
#7 C:\xampp\htdocs\latihan\app\Controllers\PemesananController.php(31): CodeIgniter\Model->insert(Array)
#8 C:\xampp\htdocs\latihan\system\CodeIgniter.php(932): App\Controllers\PemesananController->simpanData()
#9 C:\xampp\htdocs\latihan\system\CodeIgniter.php(497): CodeIgniter\CodeIgniter->runController(Object(App\Controllers\PemesananController))
#10 C:\xampp\htdocs\latihan\system\CodeIgniter.php(366): CodeIgniter\CodeIgniter->handleRequest(NULL, Object(Config\Cache), false)
#11 C:\xampp\htdocs\latihan\public\index.php(67): CodeIgniter\CodeIgniter->run()
#12 C:\xampp\htdocs\latihan\system\Commands\Server\rewrite.php(47): require_once('C:\\xampp\\htdocs...')
#13 {main}
CRITICAL - 2023-08-25 12:59:12 --> Column 'nama' cannot be null
in SYSTEMPATH\Database\MySQLi\Connection.php on line 295.
 1 SYSTEMPATH\Database\MySQLi\Connection.php(295): mysqli->query('INSERT INTO `pemesanan` (`nama`, `nomor_identitas`, `jenis_kelamin`, `tipe_kamar`, `durasi`, `discount`, `total_bayar`) VALUES (NULL, NULL, NULL, NULL, NULL, NULL, NULL)', 0)
 2 SYSTEMPATH\Database\BaseConnection.php(692): CodeIgniter\Database\MySQLi\Connection->execute('INSERT INTO `pemesanan` (`nama`, `nomor_identitas`, `jenis_kelamin`, `tipe_kamar`, `durasi`, `discount`, `total_bayar`) VALUES (NULL, NULL, NULL, NULL, NULL, NULL, NULL)')
 3 SYSTEMPATH\Database\BaseConnection.php(606): CodeIgniter\Database\BaseConnection->simpleQuery('INSERT INTO `pemesanan` (`nama`, `nomor_identitas`, `jenis_kelamin`, `tipe_kamar`, `durasi`, `discount`, `total_bayar`) VALUES (NULL, NULL, NULL, NULL, NULL, NULL, NULL)')
 4 SYSTEMPATH\Database\BaseBuilder.php(2309): CodeIgniter\Database\BaseConnection->query('INSERT INTO `pemesanan` (`nama`, `nomor_identitas`, `jenis_kelamin`, `tipe_kamar`, `durasi`, `discount`, `total_bayar`) VALUES (:nama:, :nomor_identitas:, :jenis_kelamin:, :tipe_kamar:, :durasi:, :discount:, :total_bayar:)', [...], false)
 5 SYSTEMPATH\Model.php(330): CodeIgniter\Database\BaseBuilder->insert()
 6 SYSTEMPATH\BaseModel.php(782): CodeIgniter\Model->doInsert([...])
 7 SYSTEMPATH\Model.php(730): CodeIgniter\BaseModel->insert([...], true)
 8 APPPATH\Controllers\PemesananController.php(31): CodeIgniter\Model->insert([...])
 9 SYSTEMPATH\CodeIgniter.php(932): App\Controllers\PemesananController->simpanData()
10 SYSTEMPATH\CodeIgniter.php(497): CodeIgniter\CodeIgniter->runController(Object(App\Controllers\PemesananController))
11 SYSTEMPATH\CodeIgniter.php(366): CodeIgniter\CodeIgniter->handleRequest(null, Object(Config\Cache), false)
12 FCPATH\index.php(67): CodeIgniter\CodeIgniter->run()
13 SYSTEMPATH\Commands\Server\rewrite.php(47): require_once('C:\\xampp\\htdocs\\latihan\\public\\index.php')
ERROR - 2023-08-25 12:59:12 --> mysqli_sql_exception: Column 'nama' cannot be null in C:\xampp\htdocs\latihan\system\Database\MySQLi\Connection.php:295
Stack trace:
#0 C:\xampp\htdocs\latihan\system\Database\MySQLi\Connection.php(295): mysqli->query('INSERT INTO `pe...', 0)
#1 C:\xampp\htdocs\latihan\system\Database\BaseConnection.php(692): CodeIgniter\Database\MySQLi\Connection->execute('INSERT INTO `pe...')
#2 C:\xampp\htdocs\latihan\system\Database\BaseConnection.php(606): CodeIgniter\Database\BaseConnection->simpleQuery('INSERT INTO `pe...')
#3 C:\xampp\htdocs\latihan\system\Database\BaseBuilder.php(2309): CodeIgniter\Database\BaseConnection->query('INSERT INTO `pe...', Array, false)
#4 C:\xampp\htdocs\latihan\system\Model.php(330): CodeIgniter\Database\BaseBuilder->insert()
#5 C:\xampp\htdocs\latihan\system\BaseModel.php(782): CodeIgniter\Model->doInsert(Array)
#6 C:\xampp\htdocs\latihan\system\Model.php(730): CodeIgniter\BaseModel->insert(Array, true)
#7 C:\xampp\htdocs\latihan\app\Controllers\PemesananController.php(31): CodeIgniter\Model->insert(Array)
#8 C:\xampp\htdocs\latihan\system\CodeIgniter.php(932): App\Controllers\PemesananController->simpanData()
#9 C:\xampp\htdocs\latihan\system\CodeIgniter.php(497): CodeIgniter\CodeIgniter->runController(Object(App\Controllers\PemesananController))
#10 C:\xampp\htdocs\latihan\system\CodeIgniter.php(366): CodeIgniter\CodeIgniter->handleRequest(NULL, Object(Config\Cache), false)
#11 C:\xampp\htdocs\latihan\public\index.php(67): CodeIgniter\CodeIgniter->run()
#12 C:\xampp\htdocs\latihan\system\Commands\Server\rewrite.php(47): require_once('C:\\xampp\\htdocs...')
#13 {main}
CRITICAL - 2023-08-25 12:59:12 --> Column 'nama' cannot be null
in SYSTEMPATH\Database\MySQLi\Connection.php on line 295.
 1 SYSTEMPATH\Database\MySQLi\Connection.php(295): mysqli->query('INSERT INTO `pemesanan` (`nama`, `nomor_identitas`, `jenis_kelamin`, `tipe_kamar`, `durasi`, `discount`, `total_bayar`) VALUES (NULL, NULL, NULL, NULL, NULL, NULL, NULL)', 0)
 2 SYSTEMPATH\Database\BaseConnection.php(692): CodeIgniter\Database\MySQLi\Connection->execute('INSERT INTO `pemesanan` (`nama`, `nomor_identitas`, `jenis_kelamin`, `tipe_kamar`, `durasi`, `discount`, `total_bayar`) VALUES (NULL, NULL, NULL, NULL, NULL, NULL, NULL)')
 3 SYSTEMPATH\Database\BaseConnection.php(606): CodeIgniter\Database\BaseConnection->simpleQuery('INSERT INTO `pemesanan` (`nama`, `nomor_identitas`, `jenis_kelamin`, `tipe_kamar`, `durasi`, `discount`, `total_bayar`) VALUES (NULL, NULL, NULL, NULL, NULL, NULL, NULL)')
 4 SYSTEMPATH\Database\BaseBuilder.php(2309): CodeIgniter\Database\BaseConnection->query('INSERT INTO `pemesanan` (`nama`, `nomor_identitas`, `jenis_kelamin`, `tipe_kamar`, `durasi`, `discount`, `total_bayar`) VALUES (:nama:, :nomor_identitas:, :jenis_kelamin:, :tipe_kamar:, :durasi:, :discount:, :total_bayar:)', [...], false)
 5 SYSTEMPATH\Model.php(330): CodeIgniter\Database\BaseBuilder->insert()
 6 SYSTEMPATH\BaseModel.php(782): CodeIgniter\Model->doInsert([...])
 7 SYSTEMPATH\Model.php(730): CodeIgniter\BaseModel->insert([...], true)
 8 APPPATH\Controllers\PemesananController.php(31): CodeIgniter\Model->insert([...])
 9 SYSTEMPATH\CodeIgniter.php(932): App\Controllers\PemesananController->simpanData()
10 SYSTEMPATH\CodeIgniter.php(497): CodeIgniter\CodeIgniter->runController(Object(App\Controllers\PemesananController))
11 SYSTEMPATH\CodeIgniter.php(366): CodeIgniter\CodeIgniter->handleRequest(null, Object(Config\Cache), false)
12 FCPATH\index.php(67): CodeIgniter\CodeIgniter->run()
13 SYSTEMPATH\Commands\Server\rewrite.php(47): require_once('C:\\xampp\\htdocs\\latihan\\public\\index.php')
ERROR - 2023-08-25 13:05:11 --> mysqli_sql_exception: Column 'nama' cannot be null in C:\xampp\htdocs\latihan\system\Database\MySQLi\Connection.php:295
Stack trace:
#0 C:\xampp\htdocs\latihan\system\Database\MySQLi\Connection.php(295): mysqli->query('INSERT INTO `pe...', 0)
#1 C:\xampp\htdocs\latihan\system\Database\BaseConnection.php(692): CodeIgniter\Database\MySQLi\Connection->execute('INSERT INTO `pe...')
#2 C:\xampp\htdocs\latihan\system\Database\BaseConnection.php(606): CodeIgniter\Database\BaseConnection->simpleQuery('INSERT INTO `pe...')
#3 C:\xampp\htdocs\latihan\system\Database\BaseBuilder.php(2309): CodeIgniter\Database\BaseConnection->query('INSERT INTO `pe...', Array, false)
#4 C:\xampp\htdocs\latihan\system\Model.php(330): CodeIgniter\Database\BaseBuilder->insert()
#5 C:\xampp\htdocs\latihan\system\BaseModel.php(782): CodeIgniter\Model->doInsert(Array)
#6 C:\xampp\htdocs\latihan\system\Model.php(730): CodeIgniter\BaseModel->insert(Array, true)
#7 C:\xampp\htdocs\latihan\app\Controllers\PemesananController.php(31): CodeIgniter\Model->insert(Array)
#8 C:\xampp\htdocs\latihan\system\CodeIgniter.php(932): App\Controllers\PemesananController->simpanData()
#9 C:\xampp\htdocs\latihan\system\CodeIgniter.php(497): CodeIgniter\CodeIgniter->runController(Object(App\Controllers\PemesananController))
#10 C:\xampp\htdocs\latihan\system\CodeIgniter.php(366): CodeIgniter\CodeIgniter->handleRequest(NULL, Object(Config\Cache), false)
#11 C:\xampp\htdocs\latihan\public\index.php(67): CodeIgniter\CodeIgniter->run()
#12 C:\xampp\htdocs\latihan\system\Commands\Server\rewrite.php(47): require_once('C:\\xampp\\htdocs...')
#13 {main}
CRITICAL - 2023-08-25 13:05:11 --> Column 'nama' cannot be null
in SYSTEMPATH\Database\MySQLi\Connection.php on line 295.
 1 SYSTEMPATH\Database\MySQLi\Connection.php(295): mysqli->query('INSERT INTO `pemesanan` (`nama`, `nomor_identitas`, `jenis_kelamin`, `tipe_kamar`, `durasi`, `discount`, `total_bayar`) VALUES (NULL, NULL, NULL, NULL, NULL, NULL, NULL)', 0)
 2 SYSTEMPATH\Database\BaseConnection.php(692): CodeIgniter\Database\MySQLi\Connection->execute('INSERT INTO `pemesanan` (`nama`, `nomor_identitas`, `jenis_kelamin`, `tipe_kamar`, `durasi`, `discount`, `total_bayar`) VALUES (NULL, NULL, NULL, NULL, NULL, NULL, NULL)')
 3 SYSTEMPATH\Database\BaseConnection.php(606): CodeIgniter\Database\BaseConnection->simpleQuery('INSERT INTO `pemesanan` (`nama`, `nomor_identitas`, `jenis_kelamin`, `tipe_kamar`, `durasi`, `discount`, `total_bayar`) VALUES (NULL, NULL, NULL, NULL, NULL, NULL, NULL)')
 4 SYSTEMPATH\Database\BaseBuilder.php(2309): CodeIgniter\Database\BaseConnection->query('INSERT INTO `pemesanan` (`nama`, `nomor_identitas`, `jenis_kelamin`, `tipe_kamar`, `durasi`, `discount`, `total_bayar`) VALUES (:nama:, :nomor_identitas:, :jenis_kelamin:, :tipe_kamar:, :durasi:, :discount:, :total_bayar:)', [...], false)
 5 SYSTEMPATH\Model.php(330): CodeIgniter\Database\BaseBuilder->insert()
 6 SYSTEMPATH\BaseModel.php(782): CodeIgniter\Model->doInsert([...])
 7 SYSTEMPATH\Model.php(730): CodeIgniter\BaseModel->insert([...], true)
 8 APPPATH\Controllers\PemesananController.php(31): CodeIgniter\Model->insert([...])
 9 SYSTEMPATH\CodeIgniter.php(932): App\Controllers\PemesananController->simpanData()
10 SYSTEMPATH\CodeIgniter.php(497): CodeIgniter\CodeIgniter->runController(Object(App\Controllers\PemesananController))
11 SYSTEMPATH\CodeIgniter.php(366): CodeIgniter\CodeIgniter->handleRequest(null, Object(Config\Cache), false)
12 FCPATH\index.php(67): CodeIgniter\CodeIgniter->run()
13 SYSTEMPATH\Commands\Server\rewrite.php(47): require_once('C:\\xampp\\htdocs\\latihan\\public\\index.php')
ERROR - 2023-08-25 13:05:12 --> mysqli_sql_exception: Column 'nama' cannot be null in C:\xampp\htdocs\latihan\system\Database\MySQLi\Connection.php:295
Stack trace:
#0 C:\xampp\htdocs\latihan\system\Database\MySQLi\Connection.php(295): mysqli->query('INSERT INTO `pe...', 0)
#1 C:\xampp\htdocs\latihan\system\Database\BaseConnection.php(692): CodeIgniter\Database\MySQLi\Connection->execute('INSERT INTO `pe...')
#2 C:\xampp\htdocs\latihan\system\Database\BaseConnection.php(606): CodeIgniter\Database\BaseConnection->simpleQuery('INSERT INTO `pe...')
#3 C:\xampp\htdocs\latihan\system\Database\BaseBuilder.php(2309): CodeIgniter\Database\BaseConnection->query('INSERT INTO `pe...', Array, false)
#4 C:\xampp\htdocs\latihan\system\Model.php(330): CodeIgniter\Database\BaseBuilder->insert()
#5 C:\xampp\htdocs\latihan\system\BaseModel.php(782): CodeIgniter\Model->doInsert(Array)
#6 C:\xampp\htdocs\latihan\system\Model.php(730): CodeIgniter\BaseModel->insert(Array, true)
#7 C:\xampp\htdocs\latihan\app\Controllers\PemesananController.php(31): CodeIgniter\Model->insert(Array)
#8 C:\xampp\htdocs\latihan\system\CodeIgniter.php(932): App\Controllers\PemesananController->simpanData()
#9 C:\xampp\htdocs\latihan\system\CodeIgniter.php(497): CodeIgniter\CodeIgniter->runController(Object(App\Controllers\PemesananController))
#10 C:\xampp\htdocs\latihan\system\CodeIgniter.php(366): CodeIgniter\CodeIgniter->handleRequest(NULL, Object(Config\Cache), false)
#11 C:\xampp\htdocs\latihan\public\index.php(67): CodeIgniter\CodeIgniter->run()
#12 C:\xampp\htdocs\latihan\system\Commands\Server\rewrite.php(47): require_once('C:\\xampp\\htdocs...')
#13 {main}
CRITICAL - 2023-08-25 13:05:12 --> Column 'nama' cannot be null
in SYSTEMPATH\Database\MySQLi\Connection.php on line 295.
 1 SYSTEMPATH\Database\MySQLi\Connection.php(295): mysqli->query('INSERT INTO `pemesanan` (`nama`, `nomor_identitas`, `jenis_kelamin`, `tipe_kamar`, `durasi`, `discount`, `total_bayar`) VALUES (NULL, NULL, NULL, NULL, NULL, NULL, NULL)', 0)
 2 SYSTEMPATH\Database\BaseConnection.php(692): CodeIgniter\Database\MySQLi\Connection->execute('INSERT INTO `pemesanan` (`nama`, `nomor_identitas`, `jenis_kelamin`, `tipe_kamar`, `durasi`, `discount`, `total_bayar`) VALUES (NULL, NULL, NULL, NULL, NULL, NULL, NULL)')
 3 SYSTEMPATH\Database\BaseConnection.php(606): CodeIgniter\Database\BaseConnection->simpleQuery('INSERT INTO `pemesanan` (`nama`, `nomor_identitas`, `jenis_kelamin`, `tipe_kamar`, `durasi`, `discount`, `total_bayar`) VALUES (NULL, NULL, NULL, NULL, NULL, NULL, NULL)')
 4 SYSTEMPATH\Database\BaseBuilder.php(2309): CodeIgniter\Database\BaseConnection->query('INSERT INTO `pemesanan` (`nama`, `nomor_identitas`, `jenis_kelamin`, `tipe_kamar`, `durasi`, `discount`, `total_bayar`) VALUES (:nama:, :nomor_identitas:, :jenis_kelamin:, :tipe_kamar:, :durasi:, :discount:, :total_bayar:)', [...], false)
 5 SYSTEMPATH\Model.php(330): CodeIgniter\Database\BaseBuilder->insert()
 6 SYSTEMPATH\BaseModel.php(782): CodeIgniter\Model->doInsert([...])
 7 SYSTEMPATH\Model.php(730): CodeIgniter\BaseModel->insert([...], true)
 8 APPPATH\Controllers\PemesananController.php(31): CodeIgniter\Model->insert([...])
 9 SYSTEMPATH\CodeIgniter.php(932): App\Controllers\PemesananController->simpanData()
10 SYSTEMPATH\CodeIgniter.php(497): CodeIgniter\CodeIgniter->runController(Object(App\Controllers\PemesananController))
11 SYSTEMPATH\CodeIgniter.php(366): CodeIgniter\CodeIgniter->handleRequest(null, Object(Config\Cache), false)
12 FCPATH\index.php(67): CodeIgniter\CodeIgniter->run()
13 SYSTEMPATH\Commands\Server\rewrite.php(47): require_once('C:\\xampp\\htdocs\\latihan\\public\\index.php')
ERROR - 2023-08-25 13:05:12 --> mysqli_sql_exception: Column 'nama' cannot be null in C:\xampp\htdocs\latihan\system\Database\MySQLi\Connection.php:295
Stack trace:
#0 C:\xampp\htdocs\latihan\system\Database\MySQLi\Connection.php(295): mysqli->query('INSERT INTO `pe...', 0)
#1 C:\xampp\htdocs\latihan\system\Database\BaseConnection.php(692): CodeIgniter\Database\MySQLi\Connection->execute('INSERT INTO `pe...')
#2 C:\xampp\htdocs\latihan\system\Database\BaseConnection.php(606): CodeIgniter\Database\BaseConnection->simpleQuery('INSERT INTO `pe...')
#3 C:\xampp\htdocs\latihan\system\Database\BaseBuilder.php(2309): CodeIgniter\Database\BaseConnection->query('INSERT INTO `pe...', Array, false)
#4 C:\xampp\htdocs\latihan\system\Model.php(330): CodeIgniter\Database\BaseBuilder->insert()
#5 C:\xampp\htdocs\latihan\system\BaseModel.php(782): CodeIgniter\Model->doInsert(Array)
#6 C:\xampp\htdocs\latihan\system\Model.php(730): CodeIgniter\BaseModel->insert(Array, true)
#7 C:\xampp\htdocs\latihan\app\Controllers\PemesananController.php(31): CodeIgniter\Model->insert(Array)
#8 C:\xampp\htdocs\latihan\system\CodeIgniter.php(932): App\Controllers\PemesananController->simpanData()
#9 C:\xampp\htdocs\latihan\system\CodeIgniter.php(497): CodeIgniter\CodeIgniter->runController(Object(App\Controllers\PemesananController))
#10 C:\xampp\htdocs\latihan\system\CodeIgniter.php(366): CodeIgniter\CodeIgniter->handleRequest(NULL, Object(Config\Cache), false)
#11 C:\xampp\htdocs\latihan\public\index.php(67): CodeIgniter\CodeIgniter->run()
#12 C:\xampp\htdocs\latihan\system\Commands\Server\rewrite.php(47): require_once('C:\\xampp\\htdocs...')
#13 {main}
CRITICAL - 2023-08-25 13:05:12 --> Column 'nama' cannot be null
in SYSTEMPATH\Database\MySQLi\Connection.php on line 295.
 1 SYSTEMPATH\Database\MySQLi\Connection.php(295): mysqli->query('INSERT INTO `pemesanan` (`nama`, `nomor_identitas`, `jenis_kelamin`, `tipe_kamar`, `durasi`, `discount`, `total_bayar`) VALUES (NULL, NULL, NULL, NULL, NULL, NULL, NULL)', 0)
 2 SYSTEMPATH\Database\BaseConnection.php(692): CodeIgniter\Database\MySQLi\Connection->execute('INSERT INTO `pemesanan` (`nama`, `nomor_identitas`, `jenis_kelamin`, `tipe_kamar`, `durasi`, `discount`, `total_bayar`) VALUES (NULL, NULL, NULL, NULL, NULL, NULL, NULL)')
 3 SYSTEMPATH\Database\BaseConnection.php(606): CodeIgniter\Database\BaseConnection->simpleQuery('INSERT INTO `pemesanan` (`nama`, `nomor_identitas`, `jenis_kelamin`, `tipe_kamar`, `durasi`, `discount`, `total_bayar`) VALUES (NULL, NULL, NULL, NULL, NULL, NULL, NULL)')
 4 SYSTEMPATH\Database\BaseBuilder.php(2309): CodeIgniter\Database\BaseConnection->query('INSERT INTO `pemesanan` (`nama`, `nomor_identitas`, `jenis_kelamin`, `tipe_kamar`, `durasi`, `discount`, `total_bayar`) VALUES (:nama:, :nomor_identitas:, :jenis_kelamin:, :tipe_kamar:, :durasi:, :discount:, :total_bayar:)', [...], false)
 5 SYSTEMPATH\Model.php(330): CodeIgniter\Database\BaseBuilder->insert()
 6 SYSTEMPATH\BaseModel.php(782): CodeIgniter\Model->doInsert([...])
 7 SYSTEMPATH\Model.php(730): CodeIgniter\BaseModel->insert([...], true)
 8 APPPATH\Controllers\PemesananController.php(31): CodeIgniter\Model->insert([...])
 9 SYSTEMPATH\CodeIgniter.php(932): App\Controllers\PemesananController->simpanData()
10 SYSTEMPATH\CodeIgniter.php(497): CodeIgniter\CodeIgniter->runController(Object(App\Controllers\PemesananController))
11 SYSTEMPATH\CodeIgniter.php(366): CodeIgniter\CodeIgniter->handleRequest(null, Object(Config\Cache), false)
12 FCPATH\index.php(67): CodeIgniter\CodeIgniter->run()
13 SYSTEMPATH\Commands\Server\rewrite.php(47): require_once('C:\\xampp\\htdocs\\latihan\\public\\index.php')
ERROR - 2023-08-25 13:05:13 --> mysqli_sql_exception: Column 'nama' cannot be null in C:\xampp\htdocs\latihan\system\Database\MySQLi\Connection.php:295
Stack trace:
#0 C:\xampp\htdocs\latihan\system\Database\MySQLi\Connection.php(295): mysqli->query('INSERT INTO `pe...', 0)
#1 C:\xampp\htdocs\latihan\system\Database\BaseConnection.php(692): CodeIgniter\Database\MySQLi\Connection->execute('INSERT INTO `pe...')
#2 C:\xampp\htdocs\latihan\system\Database\BaseConnection.php(606): CodeIgniter\Database\BaseConnection->simpleQuery('INSERT INTO `pe...')
#3 C:\xampp\htdocs\latihan\system\Database\BaseBuilder.php(2309): CodeIgniter\Database\BaseConnection->query('INSERT INTO `pe...', Array, false)
#4 C:\xampp\htdocs\latihan\system\Model.php(330): CodeIgniter\Database\BaseBuilder->insert()
#5 C:\xampp\htdocs\latihan\system\BaseModel.php(782): CodeIgniter\Model->doInsert(Array)
#6 C:\xampp\htdocs\latihan\system\Model.php(730): CodeIgniter\BaseModel->insert(Array, true)
#7 C:\xampp\htdocs\latihan\app\Controllers\PemesananController.php(31): CodeIgniter\Model->insert(Array)
#8 C:\xampp\htdocs\latihan\system\CodeIgniter.php(932): App\Controllers\PemesananController->simpanData()
#9 C:\xampp\htdocs\latihan\system\CodeIgniter.php(497): CodeIgniter\CodeIgniter->runController(Object(App\Controllers\PemesananController))
#10 C:\xampp\htdocs\latihan\system\CodeIgniter.php(366): CodeIgniter\CodeIgniter->handleRequest(NULL, Object(Config\Cache), false)
#11 C:\xampp\htdocs\latihan\public\index.php(67): CodeIgniter\CodeIgniter->run()
#12 C:\xampp\htdocs\latihan\system\Commands\Server\rewrite.php(47): require_once('C:\\xampp\\htdocs...')
#13 {main}
CRITICAL - 2023-08-25 13:05:13 --> Column 'nama' cannot be null
in SYSTEMPATH\Database\MySQLi\Connection.php on line 295.
 1 SYSTEMPATH\Database\MySQLi\Connection.php(295): mysqli->query('INSERT INTO `pemesanan` (`nama`, `nomor_identitas`, `jenis_kelamin`, `tipe_kamar`, `durasi`, `discount`, `total_bayar`) VALUES (NULL, NULL, NULL, NULL, NULL, NULL, NULL)', 0)
 2 SYSTEMPATH\Database\BaseConnection.php(692): CodeIgniter\Database\MySQLi\Connection->execute('INSERT INTO `pemesanan` (`nama`, `nomor_identitas`, `jenis_kelamin`, `tipe_kamar`, `durasi`, `discount`, `total_bayar`) VALUES (NULL, NULL, NULL, NULL, NULL, NULL, NULL)')
 3 SYSTEMPATH\Database\BaseConnection.php(606): CodeIgniter\Database\BaseConnection->simpleQuery('INSERT INTO `pemesanan` (`nama`, `nomor_identitas`, `jenis_kelamin`, `tipe_kamar`, `durasi`, `discount`, `total_bayar`) VALUES (NULL, NULL, NULL, NULL, NULL, NULL, NULL)')
 4 SYSTEMPATH\Database\BaseBuilder.php(2309): CodeIgniter\Database\BaseConnection->query('INSERT INTO `pemesanan` (`nama`, `nomor_identitas`, `jenis_kelamin`, `tipe_kamar`, `durasi`, `discount`, `total_bayar`) VALUES (:nama:, :nomor_identitas:, :jenis_kelamin:, :tipe_kamar:, :durasi:, :discount:, :total_bayar:)', [...], false)
 5 SYSTEMPATH\Model.php(330): CodeIgniter\Database\BaseBuilder->insert()
 6 SYSTEMPATH\BaseModel.php(782): CodeIgniter\Model->doInsert([...])
 7 SYSTEMPATH\Model.php(730): CodeIgniter\BaseModel->insert([...], true)
 8 APPPATH\Controllers\PemesananController.php(31): CodeIgniter\Model->insert([...])
 9 SYSTEMPATH\CodeIgniter.php(932): App\Controllers\PemesananController->simpanData()
10 SYSTEMPATH\CodeIgniter.php(497): CodeIgniter\CodeIgniter->runController(Object(App\Controllers\PemesananController))
11 SYSTEMPATH\CodeIgniter.php(366): CodeIgniter\CodeIgniter->handleRequest(null, Object(Config\Cache), false)
12 FCPATH\index.php(67): CodeIgniter\CodeIgniter->run()
13 SYSTEMPATH\Commands\Server\rewrite.php(47): require_once('C:\\xampp\\htdocs\\latihan\\public\\index.php')
ERROR - 2023-08-25 13:05:13 --> mysqli_sql_exception: Column 'nama' cannot be null in C:\xampp\htdocs\latihan\system\Database\MySQLi\Connection.php:295
Stack trace:
#0 C:\xampp\htdocs\latihan\system\Database\MySQLi\Connection.php(295): mysqli->query('INSERT INTO `pe...', 0)
#1 C:\xampp\htdocs\latihan\system\Database\BaseConnection.php(692): CodeIgniter\Database\MySQLi\Connection->execute('INSERT INTO `pe...')
#2 C:\xampp\htdocs\latihan\system\Database\BaseConnection.php(606): CodeIgniter\Database\BaseConnection->simpleQuery('INSERT INTO `pe...')
#3 C:\xampp\htdocs\latihan\system\Database\BaseBuilder.php(2309): CodeIgniter\Database\BaseConnection->query('INSERT INTO `pe...', Array, false)
#4 C:\xampp\htdocs\latihan\system\Model.php(330): CodeIgniter\Database\BaseBuilder->insert()
#5 C:\xampp\htdocs\latihan\system\BaseModel.php(782): CodeIgniter\Model->doInsert(Array)
#6 C:\xampp\htdocs\latihan\system\Model.php(730): CodeIgniter\BaseModel->insert(Array, true)
#7 C:\xampp\htdocs\latihan\app\Controllers\PemesananController.php(31): CodeIgniter\Model->insert(Array)
#8 C:\xampp\htdocs\latihan\system\CodeIgniter.php(932): App\Controllers\PemesananController->simpanData()
#9 C:\xampp\htdocs\latihan\system\CodeIgniter.php(497): CodeIgniter\CodeIgniter->runController(Object(App\Controllers\PemesananController))
#10 C:\xampp\htdocs\latihan\system\CodeIgniter.php(366): CodeIgniter\CodeIgniter->handleRequest(NULL, Object(Config\Cache), false)
#11 C:\xampp\htdocs\latihan\public\index.php(67): CodeIgniter\CodeIgniter->run()
#12 C:\xampp\htdocs\latihan\system\Commands\Server\rewrite.php(47): require_once('C:\\xampp\\htdocs...')
#13 {main}
CRITICAL - 2023-08-25 13:05:13 --> Column 'nama' cannot be null
in SYSTEMPATH\Database\MySQLi\Connection.php on line 295.
 1 SYSTEMPATH\Database\MySQLi\Connection.php(295): mysqli->query('INSERT INTO `pemesanan` (`nama`, `nomor_identitas`, `jenis_kelamin`, `tipe_kamar`, `durasi`, `discount`, `total_bayar`) VALUES (NULL, NULL, NULL, NULL, NULL, NULL, NULL)', 0)
 2 SYSTEMPATH\Database\BaseConnection.php(692): CodeIgniter\Database\MySQLi\Connection->execute('INSERT INTO `pemesanan` (`nama`, `nomor_identitas`, `jenis_kelamin`, `tipe_kamar`, `durasi`, `discount`, `total_bayar`) VALUES (NULL, NULL, NULL, NULL, NULL, NULL, NULL)')
 3 SYSTEMPATH\Database\BaseConnection.php(606): CodeIgniter\Database\BaseConnection->simpleQuery('INSERT INTO `pemesanan` (`nama`, `nomor_identitas`, `jenis_kelamin`, `tipe_kamar`, `durasi`, `discount`, `total_bayar`) VALUES (NULL, NULL, NULL, NULL, NULL, NULL, NULL)')
 4 SYSTEMPATH\Database\BaseBuilder.php(2309): CodeIgniter\Database\BaseConnection->query('INSERT INTO `pemesanan` (`nama`, `nomor_identitas`, `jenis_kelamin`, `tipe_kamar`, `durasi`, `discount`, `total_bayar`) VALUES (:nama:, :nomor_identitas:, :jenis_kelamin:, :tipe_kamar:, :durasi:, :discount:, :total_bayar:)', [...], false)
 5 SYSTEMPATH\Model.php(330): CodeIgniter\Database\BaseBuilder->insert()
 6 SYSTEMPATH\BaseModel.php(782): CodeIgniter\Model->doInsert([...])
 7 SYSTEMPATH\Model.php(730): CodeIgniter\BaseModel->insert([...], true)
 8 APPPATH\Controllers\PemesananController.php(31): CodeIgniter\Model->insert([...])
 9 SYSTEMPATH\CodeIgniter.php(932): App\Controllers\PemesananController->simpanData()
10 SYSTEMPATH\CodeIgniter.php(497): CodeIgniter\CodeIgniter->runController(Object(App\Controllers\PemesananController))
11 SYSTEMPATH\CodeIgniter.php(366): CodeIgniter\CodeIgniter->handleRequest(null, Object(Config\Cache), false)
12 FCPATH\index.php(67): CodeIgniter\CodeIgniter->run()
13 SYSTEMPATH\Commands\Server\rewrite.php(47): require_once('C:\\xampp\\htdocs\\latihan\\public\\index.php')
ERROR - 2023-08-25 13:13:55 --> mysqli_sql_exception: Column 'nama' cannot be null in C:\xampp\htdocs\latihan\system\Database\MySQLi\Connection.php:295
Stack trace:
#0 C:\xampp\htdocs\latihan\system\Database\MySQLi\Connection.php(295): mysqli->query('INSERT INTO `pe...', 0)
#1 C:\xampp\htdocs\latihan\system\Database\BaseConnection.php(692): CodeIgniter\Database\MySQLi\Connection->execute('INSERT INTO `pe...')
#2 C:\xampp\htdocs\latihan\system\Database\BaseConnection.php(606): CodeIgniter\Database\BaseConnection->simpleQuery('INSERT INTO `pe...')
#3 C:\xampp\htdocs\latihan\system\Database\BaseBuilder.php(2309): CodeIgniter\Database\BaseConnection->query('INSERT INTO `pe...', Array, false)
#4 C:\xampp\htdocs\latihan\system\Model.php(330): CodeIgniter\Database\BaseBuilder->insert()
#5 C:\xampp\htdocs\latihan\system\BaseModel.php(782): CodeIgniter\Model->doInsert(Array)
#6 C:\xampp\htdocs\latihan\system\Model.php(730): CodeIgniter\BaseModel->insert(Array, true)
#7 C:\xampp\htdocs\latihan\app\Controllers\PemesananController.php(31): CodeIgniter\Model->insert(Array)
#8 C:\xampp\htdocs\latihan\system\CodeIgniter.php(932): App\Controllers\PemesananController->simpanData()
#9 C:\xampp\htdocs\latihan\system\CodeIgniter.php(497): CodeIgniter\CodeIgniter->runController(Object(App\Controllers\PemesananController))
#10 C:\xampp\htdocs\latihan\system\CodeIgniter.php(366): CodeIgniter\CodeIgniter->handleRequest(NULL, Object(Config\Cache), false)
#11 C:\xampp\htdocs\latihan\public\index.php(67): CodeIgniter\CodeIgniter->run()
#12 C:\xampp\htdocs\latihan\system\Commands\Server\rewrite.php(47): require_once('C:\\xampp\\htdocs...')
#13 {main}
CRITICAL - 2023-08-25 13:13:55 --> Column 'nama' cannot be null
in SYSTEMPATH\Database\MySQLi\Connection.php on line 295.
 1 SYSTEMPATH\Database\MySQLi\Connection.php(295): mysqli->query('INSERT INTO `pemesanan` (`nama`, `nomor_identitas`, `jenis_kelamin`, `tipe_kamar`, `durasi`, `discount`, `total_bayar`) VALUES (NULL, NULL, NULL, NULL, NULL, NULL, NULL)', 0)
 2 SYSTEMPATH\Database\BaseConnection.php(692): CodeIgniter\Database\MySQLi\Connection->execute('INSERT INTO `pemesanan` (`nama`, `nomor_identitas`, `jenis_kelamin`, `tipe_kamar`, `durasi`, `discount`, `total_bayar`) VALUES (NULL, NULL, NULL, NULL, NULL, NULL, NULL)')
 3 SYSTEMPATH\Database\BaseConnection.php(606): CodeIgniter\Database\BaseConnection->simpleQuery('INSERT INTO `pemesanan` (`nama`, `nomor_identitas`, `jenis_kelamin`, `tipe_kamar`, `durasi`, `discount`, `total_bayar`) VALUES (NULL, NULL, NULL, NULL, NULL, NULL, NULL)')
 4 SYSTEMPATH\Database\BaseBuilder.php(2309): CodeIgniter\Database\BaseConnection->query('INSERT INTO `pemesanan` (`nama`, `nomor_identitas`, `jenis_kelamin`, `tipe_kamar`, `durasi`, `discount`, `total_bayar`) VALUES (:nama:, :nomor_identitas:, :jenis_kelamin:, :tipe_kamar:, :durasi:, :discount:, :total_bayar:)', [...], false)
 5 SYSTEMPATH\Model.php(330): CodeIgniter\Database\BaseBuilder->insert()
 6 SYSTEMPATH\BaseModel.php(782): CodeIgniter\Model->doInsert([...])
 7 SYSTEMPATH\Model.php(730): CodeIgniter\BaseModel->insert([...], true)
 8 APPPATH\Controllers\PemesananController.php(31): CodeIgniter\Model->insert([...])
 9 SYSTEMPATH\CodeIgniter.php(932): App\Controllers\PemesananController->simpanData()
10 SYSTEMPATH\CodeIgniter.php(497): CodeIgniter\CodeIgniter->runController(Object(App\Controllers\PemesananController))
11 SYSTEMPATH\CodeIgniter.php(366): CodeIgniter\CodeIgniter->handleRequest(null, Object(Config\Cache), false)
12 FCPATH\index.php(67): CodeIgniter\CodeIgniter->run()
13 SYSTEMPATH\Commands\Server\rewrite.php(47): require_once('C:\\xampp\\htdocs\\latihan\\public\\index.php')
ERROR - 2023-08-25 13:13:55 --> mysqli_sql_exception: Column 'nama' cannot be null in C:\xampp\htdocs\latihan\system\Database\MySQLi\Connection.php:295
Stack trace:
#0 C:\xampp\htdocs\latihan\system\Database\MySQLi\Connection.php(295): mysqli->query('INSERT INTO `pe...', 0)
#1 C:\xampp\htdocs\latihan\system\Database\BaseConnection.php(692): CodeIgniter\Database\MySQLi\Connection->execute('INSERT INTO `pe...')
#2 C:\xampp\htdocs\latihan\system\Database\BaseConnection.php(606): CodeIgniter\Database\BaseConnection->simpleQuery('INSERT INTO `pe...')
#3 C:\xampp\htdocs\latihan\system\Database\BaseBuilder.php(2309): CodeIgniter\Database\BaseConnection->query('INSERT INTO `pe...', Array, false)
#4 C:\xampp\htdocs\latihan\system\Model.php(330): CodeIgniter\Database\BaseBuilder->insert()
#5 C:\xampp\htdocs\latihan\system\BaseModel.php(782): CodeIgniter\Model->doInsert(Array)
#6 C:\xampp\htdocs\latihan\system\Model.php(730): CodeIgniter\BaseModel->insert(Array, true)
#7 C:\xampp\htdocs\latihan\app\Controllers\PemesananController.php(31): CodeIgniter\Model->insert(Array)
#8 C:\xampp\htdocs\latihan\system\CodeIgniter.php(932): App\Controllers\PemesananController->simpanData()
#9 C:\xampp\htdocs\latihan\system\CodeIgniter.php(497): CodeIgniter\CodeIgniter->runController(Object(App\Controllers\PemesananController))
#10 C:\xampp\htdocs\latihan\system\CodeIgniter.php(366): CodeIgniter\CodeIgniter->handleRequest(NULL, Object(Config\Cache), false)
#11 C:\xampp\htdocs\latihan\public\index.php(67): CodeIgniter\CodeIgniter->run()
#12 C:\xampp\htdocs\latihan\system\Commands\Server\rewrite.php(47): require_once('C:\\xampp\\htdocs...')
#13 {main}
CRITICAL - 2023-08-25 13:13:55 --> Column 'nama' cannot be null
in SYSTEMPATH\Database\MySQLi\Connection.php on line 295.
 1 SYSTEMPATH\Database\MySQLi\Connection.php(295): mysqli->query('INSERT INTO `pemesanan` (`nama`, `nomor_identitas`, `jenis_kelamin`, `tipe_kamar`, `durasi`, `discount`, `total_bayar`) VALUES (NULL, NULL, NULL, NULL, NULL, NULL, NULL)', 0)
 2 SYSTEMPATH\Database\BaseConnection.php(692): CodeIgniter\Database\MySQLi\Connection->execute('INSERT INTO `pemesanan` (`nama`, `nomor_identitas`, `jenis_kelamin`, `tipe_kamar`, `durasi`, `discount`, `total_bayar`) VALUES (NULL, NULL, NULL, NULL, NULL, NULL, NULL)')
 3 SYSTEMPATH\Database\BaseConnection.php(606): CodeIgniter\Database\BaseConnection->simpleQuery('INSERT INTO `pemesanan` (`nama`, `nomor_identitas`, `jenis_kelamin`, `tipe_kamar`, `durasi`, `discount`, `total_bayar`) VALUES (NULL, NULL, NULL, NULL, NULL, NULL, NULL)')
 4 SYSTEMPATH\Database\BaseBuilder.php(2309): CodeIgniter\Database\BaseConnection->query('INSERT INTO `pemesanan` (`nama`, `nomor_identitas`, `jenis_kelamin`, `tipe_kamar`, `durasi`, `discount`, `total_bayar`) VALUES (:nama:, :nomor_identitas:, :jenis_kelamin:, :tipe_kamar:, :durasi:, :discount:, :total_bayar:)', [...], false)
 5 SYSTEMPATH\Model.php(330): CodeIgniter\Database\BaseBuilder->insert()
 6 SYSTEMPATH\BaseModel.php(782): CodeIgniter\Model->doInsert([...])
 7 SYSTEMPATH\Model.php(730): CodeIgniter\BaseModel->insert([...], true)
 8 APPPATH\Controllers\PemesananController.php(31): CodeIgniter\Model->insert([...])
 9 SYSTEMPATH\CodeIgniter.php(932): App\Controllers\PemesananController->simpanData()
10 SYSTEMPATH\CodeIgniter.php(497): CodeIgniter\CodeIgniter->runController(Object(App\Controllers\PemesananController))
11 SYSTEMPATH\CodeIgniter.php(366): CodeIgniter\CodeIgniter->handleRequest(null, Object(Config\Cache), false)
12 FCPATH\index.php(67): CodeIgniter\CodeIgniter->run()
13 SYSTEMPATH\Commands\Server\rewrite.php(47): require_once('C:\\xampp\\htdocs\\latihan\\public\\index.php')
ERROR - 2023-08-25 14:23:02 --> mysqli_sql_exception: Column 'total_bayar' cannot be null in C:\xampp\htdocs\latihan\system\Database\MySQLi\Connection.php:295
Stack trace:
#0 C:\xampp\htdocs\latihan\system\Database\MySQLi\Connection.php(295): mysqli->query('INSERT INTO `pe...', 0)
#1 C:\xampp\htdocs\latihan\system\Database\BaseConnection.php(692): CodeIgniter\Database\MySQLi\Connection->execute('INSERT INTO `pe...')
#2 C:\xampp\htdocs\latihan\system\Database\BaseConnection.php(606): CodeIgniter\Database\BaseConnection->simpleQuery('INSERT INTO `pe...')
#3 C:\xampp\htdocs\latihan\system\Database\BaseBuilder.php(2309): CodeIgniter\Database\BaseConnection->query('INSERT INTO `pe...', Array, false)
#4 C:\xampp\htdocs\latihan\system\Model.php(330): CodeIgniter\Database\BaseBuilder->insert()
#5 C:\xampp\htdocs\latihan\system\BaseModel.php(782): CodeIgniter\Model->doInsert(Array)
#6 C:\xampp\htdocs\latihan\system\Model.php(730): CodeIgniter\BaseModel->insert(Array, true)
#7 C:\xampp\htdocs\latihan\app\Controllers\Home.php(35): CodeIgniter\Model->insert(Array)
#8 C:\xampp\htdocs\latihan\system\CodeIgniter.php(932): App\Controllers\Home->proses_pemesanan()
#9 C:\xampp\htdocs\latihan\system\CodeIgniter.php(497): CodeIgniter\CodeIgniter->runController(Object(App\Controllers\Home))
#10 C:\xampp\htdocs\latihan\system\CodeIgniter.php(366): CodeIgniter\CodeIgniter->handleRequest(NULL, Object(Config\Cache), false)
#11 C:\xampp\htdocs\latihan\public\index.php(67): CodeIgniter\CodeIgniter->run()
#12 C:\xampp\htdocs\latihan\system\Commands\Server\rewrite.php(47): require_once('C:\\xampp\\htdocs...')
#13 {main}
CRITICAL - 2023-08-25 14:23:02 --> Column 'total_bayar' cannot be null
in SYSTEMPATH\Database\MySQLi\Connection.php on line 295.
 1 SYSTEMPATH\Database\MySQLi\Connection.php(295): mysqli->query('INSERT INTO `pemesanan` (`nama`, `nomor_identitas`, `jenis_kelamin`, `tipe_kamar`, `durasi`, `total_bayar`, `discount`) VALUES (\'M Aldiansyah A\', \'3272051707000001\', \'Laki-laki\', \'Standar\', \'4\', NULL, 0)', 0)
 2 SYSTEMPATH\Database\BaseConnection.php(692): CodeIgniter\Database\MySQLi\Connection->execute('INSERT INTO `pemesanan` (`nama`, `nomor_identitas`, `jenis_kelamin`, `tipe_kamar`, `durasi`, `total_bayar`, `discount`) VALUES (\'M Aldiansyah A\', \'3272051707000001\', \'Laki-laki\', \'Standar\', \'4\', NULL, 0)')
 3 SYSTEMPATH\Database\BaseConnection.php(606): CodeIgniter\Database\BaseConnection->simpleQuery('INSERT INTO `pemesanan` (`nama`, `nomor_identitas`, `jenis_kelamin`, `tipe_kamar`, `durasi`, `total_bayar`, `discount`) VALUES (\'M Aldiansyah A\', \'3272051707000001\', \'Laki-laki\', \'Standar\', \'4\', NULL, 0)')
 4 SYSTEMPATH\Database\BaseBuilder.php(2309): CodeIgniter\Database\BaseConnection->query('INSERT INTO `pemesanan` (`nama`, `nomor_identitas`, `jenis_kelamin`, `tipe_kamar`, `durasi`, `total_bayar`, `discount`) VALUES (:nama:, :nomor_identitas:, :jenis_kelamin:, :tipe_kamar:, :durasi:, :total_bayar:, :discount:)', [...], false)
 5 SYSTEMPATH\Model.php(330): CodeIgniter\Database\BaseBuilder->insert()
 6 SYSTEMPATH\BaseModel.php(782): CodeIgniter\Model->doInsert([...])
 7 SYSTEMPATH\Model.php(730): CodeIgniter\BaseModel->insert([...], true)
 8 APPPATH\Controllers\Home.php(35): CodeIgniter\Model->insert([...])
 9 SYSTEMPATH\CodeIgniter.php(932): App\Controllers\Home->proses_pemesanan()
10 SYSTEMPATH\CodeIgniter.php(497): CodeIgniter\CodeIgniter->runController(Object(App\Controllers\Home))
11 SYSTEMPATH\CodeIgniter.php(366): CodeIgniter\CodeIgniter->handleRequest(null, Object(Config\Cache), false)
12 FCPATH\index.php(67): CodeIgniter\CodeIgniter->run()
13 SYSTEMPATH\Commands\Server\rewrite.php(47): require_once('C:\\xampp\\htdocs\\latihan\\public\\index.php')
