CRITICAL - 2023-09-01 11:53:38 --> The framework needs the following extension(s) installed and loaded: intl.
in SYSTEMPATH\CodeIgniter.php on line 227.
 1 SYSTEMPATH\CodeIgniter.php(227): CodeIgniter\Exceptions\FrameworkException::forMissingExtension('intl')
 2 SYSTEMPATH\CodeIgniter.php(191): CodeIgniter\CodeIgniter->resolvePlatformExtensions()
 3 ROOTPATH\spark(83): CodeIgniter\CodeIgniter->initialize()
CRITICAL - 2023-09-01 11:53:47 --> The framework needs the following extension(s) installed and loaded: intl.
in SYSTEMPATH\CodeIgniter.php on line 227.
 1 SYSTEMPATH\CodeIgniter.php(227): CodeIgniter\Exceptions\FrameworkException::forMissingExtension('intl')
 2 SYSTEMPATH\CodeIgniter.php(191): CodeIgniter\CodeIgniter->resolvePlatformExtensions()
 3 ROOTPATH\spark(83): CodeIgniter\CodeIgniter->initialize()
CRITICAL - 2023-09-01 11:54:15 --> The framework needs the following extension(s) installed and loaded: intl.
in SYSTEMPATH\CodeIgniter.php on line 227.
 1 SYSTEMPATH\CodeIgniter.php(227): CodeIgniter\Exceptions\FrameworkException::forMissingExtension('intl')
 2 SYSTEMPATH\CodeIgniter.php(191): CodeIgniter\CodeIgniter->resolvePlatformExtensions()
 3 ROOTPATH\spark(83): CodeIgniter\CodeIgniter->initialize()
ERROR - 2023-09-01 09:57:41 --> Error connecting to the database: mysqli_sql_exception: Unknown database 'hotel' in C:\xampp\htdocs\latihan\system\Database\MySQLi\Connection.php:174
Stack trace:
#0 C:\xampp\htdocs\latihan\system\Database\MySQLi\Connection.php(174): mysqli->real_connect('localhost', 'root', '', 'hotel', 3306, '', 0)
#1 C:\xampp\htdocs\latihan\system\Database\BaseConnection.php(391): CodeIgniter\Database\MySQLi\Connection->connect(false)
#2 C:\xampp\htdocs\latihan\system\Database\BaseConnection.php(574): CodeIgniter\Database\BaseConnection->initialize()
#3 C:\xampp\htdocs\latihan\system\Database\BaseBuilder.php(2309): CodeIgniter\Database\BaseConnection->query('INSERT INTO `pe...', Array, false)
#4 C:\xampp\htdocs\latihan\system\Model.php(330): CodeIgniter\Database\BaseBuilder->insert()
#5 C:\xampp\htdocs\latihan\system\BaseModel.php(782): CodeIgniter\Model->doInsert(Array)
#6 C:\xampp\htdocs\latihan\system\Model.php(730): CodeIgniter\BaseModel->insert(Array, true)
#7 C:\xampp\htdocs\latihan\app\Controllers\Home.php(34): CodeIgniter\Model->insert(Array)
#8 C:\xampp\htdocs\latihan\system\CodeIgniter.php(932): App\Controllers\Home->proses_pemesanan()
#9 C:\xampp\htdocs\latihan\system\CodeIgniter.php(497): CodeIgniter\CodeIgniter->runController(Object(App\Controllers\Home))
#10 C:\xampp\htdocs\latihan\system\CodeIgniter.php(366): CodeIgniter\CodeIgniter->handleRequest(NULL, Object(Config\Cache), false)
#11 C:\xampp\htdocs\latihan\public\index.php(67): CodeIgniter\CodeIgniter->run()
#12 C:\xampp\htdocs\latihan\system\Commands\Server\rewrite.php(47): require_once('C:\\xampp\\htdocs...')
#13 {main}

Next CodeIgniter\Database\Exceptions\DatabaseException: Unknown database 'hotel' in C:\xampp\htdocs\latihan\system\Database\MySQLi\Connection.php:218
Stack trace:
#0 C:\xampp\htdocs\latihan\system\Database\BaseConnection.php(391): CodeIgniter\Database\MySQLi\Connection->connect(false)
#1 C:\xampp\htdocs\latihan\system\Database\BaseConnection.php(574): CodeIgniter\Database\BaseConnection->initialize()
#2 C:\xampp\htdocs\latihan\system\Database\BaseBuilder.php(2309): CodeIgniter\Database\BaseConnection->query('INSERT INTO `pe...', Array, false)
#3 C:\xampp\htdocs\latihan\system\Model.php(330): CodeIgniter\Database\BaseBuilder->insert()
#4 C:\xampp\htdocs\latihan\system\BaseModel.php(782): CodeIgniter\Model->doInsert(Array)
#5 C:\xampp\htdocs\latihan\system\Model.php(730): CodeIgniter\BaseModel->insert(Array, true)
#6 C:\xampp\htdocs\latihan\app\Controllers\Home.php(34): CodeIgniter\Model->insert(Array)
#7 C:\xampp\htdocs\latihan\system\CodeIgniter.php(932): App\Controllers\Home->proses_pemesanan()
#8 C:\xampp\htdocs\latihan\system\CodeIgniter.php(497): CodeIgniter\CodeIgniter->runController(Object(App\Controllers\Home))
#9 C:\xampp\htdocs\latihan\system\CodeIgniter.php(366): CodeIgniter\CodeIgniter->handleRequest(NULL, Object(Config\Cache), false)
#10 C:\xampp\htdocs\latihan\public\index.php(67): CodeIgniter\CodeIgniter->run()
#11 C:\xampp\htdocs\latihan\system\Commands\Server\rewrite.php(47): require_once('C:\\xampp\\htdocs...')
#12 {main}
CRITICAL - 2023-09-01 09:57:41 --> Unable to connect to the database.
Main connection [MySQLi]: Unknown database 'hotel'
in SYSTEMPATH\Database\BaseConnection.php on line 427.
 1 SYSTEMPATH\Database\BaseConnection.php(574): CodeIgniter\Database\BaseConnection->initialize()
 2 SYSTEMPATH\Database\BaseBuilder.php(2309): CodeIgniter\Database\BaseConnection->query('INSERT INTO `pemesanan` (`nama`, `nomor_identitas`, `jenis_kelamin`, `tipe_kamar`, `tanggal`, `durasi`, `total_bayar`, `discount`) VALUES (:nama:, :nomor_identitas:, :jenis_kelamin:, :tipe_kamar:, :tanggal:, :durasi:, :total_bayar:, :discount:)', [...], false)
 3 SYSTEMPATH\Model.php(330): CodeIgniter\Database\BaseBuilder->insert()
 4 SYSTEMPATH\BaseModel.php(782): CodeIgniter\Model->doInsert([...])
 5 SYSTEMPATH\Model.php(730): CodeIgniter\BaseModel->insert([...], true)
 6 APPPATH\Controllers\Home.php(34): CodeIgniter\Model->insert([...])
 7 SYSTEMPATH\CodeIgniter.php(932): App\Controllers\Home->proses_pemesanan()
 8 SYSTEMPATH\CodeIgniter.php(497): CodeIgniter\CodeIgniter->runController(Object(App\Controllers\Home))
 9 SYSTEMPATH\CodeIgniter.php(366): CodeIgniter\CodeIgniter->handleRequest(null, Object(Config\Cache), false)
10 FCPATH\index.php(67): CodeIgniter\CodeIgniter->run()
11 SYSTEMPATH\Commands\Server\rewrite.php(47): require_once('C:\\xampp\\htdocs\\latihan\\public\\index.php')
ERROR - 2023-09-01 10:10:57 --> mysqli_sql_exception: Unknown table 'hotel.tipe_kamar' in C:\xampp\htdocs\latihan\system\Database\MySQLi\Connection.php:295
Stack trace:
#0 C:\xampp\htdocs\latihan\system\Database\MySQLi\Connection.php(295): mysqli->query('DROP TABLE `tip...', 0)
#1 C:\xampp\htdocs\latihan\system\Database\BaseConnection.php(692): CodeIgniter\Database\MySQLi\Connection->execute('DROP TABLE `tip...')
#2 C:\xampp\htdocs\latihan\system\Database\BaseConnection.php(606): CodeIgniter\Database\BaseConnection->simpleQuery('DROP TABLE `tip...')
#3 C:\xampp\htdocs\latihan\system\Database\Forge.php(637): CodeIgniter\Database\BaseConnection->query('DROP TABLE `tip...')
#4 C:\xampp\htdocs\latihan\app\Database\Migrations\2023-09-01-095929_Kamar.php(33): CodeIgniter\Database\Forge->dropTable('tipe_kamar')
#5 C:\xampp\htdocs\latihan\system\Database\MigrationRunner.php(877): App\Database\Migrations\Kamar->down()
#6 C:\xampp\htdocs\latihan\system\Database\MigrationRunner.php(299): CodeIgniter\Database\MigrationRunner->migrate('down', Object(stdClass))
#7 C:\xampp\htdocs\latihan\system\Commands\Database\MigrateRollback.php(92): CodeIgniter\Database\MigrationRunner->regress(0)
#8 C:\xampp\htdocs\latihan\system\CLI\Commands.php(65): CodeIgniter\Commands\Database\MigrateRollback->run(Array)
#9 C:\xampp\htdocs\latihan\system\CLI\Console.php(37): CodeIgniter\CLI\Commands->run('migrate:rollbac...', Array)
#10 C:\xampp\htdocs\latihan\spark(97): CodeIgniter\CLI\Console->run()
#11 {main}
ERROR - 2023-09-01 10:11:18 --> mysqli_sql_exception: Unknown table 'hotel.tipe_kamar' in C:\xampp\htdocs\latihan\system\Database\MySQLi\Connection.php:295
Stack trace:
#0 C:\xampp\htdocs\latihan\system\Database\MySQLi\Connection.php(295): mysqli->query('DROP TABLE `tip...', 0)
#1 C:\xampp\htdocs\latihan\system\Database\BaseConnection.php(692): CodeIgniter\Database\MySQLi\Connection->execute('DROP TABLE `tip...')
#2 C:\xampp\htdocs\latihan\system\Database\BaseConnection.php(606): CodeIgniter\Database\BaseConnection->simpleQuery('DROP TABLE `tip...')
#3 C:\xampp\htdocs\latihan\system\Database\Forge.php(637): CodeIgniter\Database\BaseConnection->query('DROP TABLE `tip...')
#4 C:\xampp\htdocs\latihan\app\Database\Migrations\2023-09-01-095929_Kamar.php(33): CodeIgniter\Database\Forge->dropTable('tipe_kamar')
#5 C:\xampp\htdocs\latihan\system\Database\MigrationRunner.php(877): App\Database\Migrations\Kamar->down()
#6 C:\xampp\htdocs\latihan\system\Database\MigrationRunner.php(299): CodeIgniter\Database\MigrationRunner->migrate('down', Object(stdClass))
#7 C:\xampp\htdocs\latihan\system\Commands\Database\MigrateRollback.php(92): CodeIgniter\Database\MigrationRunner->regress(0)
#8 C:\xampp\htdocs\latihan\system\CLI\Commands.php(65): CodeIgniter\Commands\Database\MigrateRollback->run(Array)
#9 C:\xampp\htdocs\latihan\system\CLI\Console.php(37): CodeIgniter\CLI\Commands->run('migrate:rollbac...', Array)
#10 C:\xampp\htdocs\latihan\spark(97): CodeIgniter\CLI\Console->run()
#11 {main}
ERROR - 2023-09-01 10:13:10 --> mysqli_sql_exception: Unknown table 'hotel.tipe_kamar' in C:\xampp\htdocs\latihan\system\Database\MySQLi\Connection.php:295
Stack trace:
#0 C:\xampp\htdocs\latihan\system\Database\MySQLi\Connection.php(295): mysqli->query('DROP TABLE `tip...', 0)
#1 C:\xampp\htdocs\latihan\system\Database\BaseConnection.php(692): CodeIgniter\Database\MySQLi\Connection->execute('DROP TABLE `tip...')
#2 C:\xampp\htdocs\latihan\system\Database\BaseConnection.php(606): CodeIgniter\Database\BaseConnection->simpleQuery('DROP TABLE `tip...')
#3 C:\xampp\htdocs\latihan\system\Database\Forge.php(637): CodeIgniter\Database\BaseConnection->query('DROP TABLE `tip...')
#4 C:\xampp\htdocs\latihan\app\Database\Migrations\2023-09-01-095929_Kamar.php(33): CodeIgniter\Database\Forge->dropTable('tipe_kamar')
#5 C:\xampp\htdocs\latihan\system\Database\MigrationRunner.php(877): App\Database\Migrations\Kamar->down()
#6 C:\xampp\htdocs\latihan\system\Database\MigrationRunner.php(299): CodeIgniter\Database\MigrationRunner->migrate('down', Object(stdClass))
#7 C:\xampp\htdocs\latihan\system\Commands\Database\MigrateRollback.php(92): CodeIgniter\Database\MigrationRunner->regress(0)
#8 C:\xampp\htdocs\latihan\system\CLI\Commands.php(65): CodeIgniter\Commands\Database\MigrateRollback->run(Array)
#9 C:\xampp\htdocs\latihan\system\CLI\BaseCommand.php(115): CodeIgniter\CLI\Commands->run('migrate:rollbac...', Array)
#10 C:\xampp\htdocs\latihan\system\Commands\Database\MigrateRefresh.php(84): CodeIgniter\CLI\BaseCommand->call('migrate:rollbac...', Array)
#11 C:\xampp\htdocs\latihan\system\CLI\Commands.php(65): CodeIgniter\Commands\Database\MigrateRefresh->run(Array)
#12 C:\xampp\htdocs\latihan\system\CLI\Console.php(37): CodeIgniter\CLI\Commands->run('migrate:refresh', Array)
#13 C:\xampp\htdocs\latihan\spark(97): CodeIgniter\CLI\Console->run()
#14 {main}
ERROR - 2023-09-01 10:13:27 --> mysqli_sql_exception: Unknown table 'hotel.tipe_kamar' in C:\xampp\htdocs\latihan\system\Database\MySQLi\Connection.php:295
Stack trace:
#0 C:\xampp\htdocs\latihan\system\Database\MySQLi\Connection.php(295): mysqli->query('DROP TABLE `tip...', 0)
#1 C:\xampp\htdocs\latihan\system\Database\BaseConnection.php(692): CodeIgniter\Database\MySQLi\Connection->execute('DROP TABLE `tip...')
#2 C:\xampp\htdocs\latihan\system\Database\BaseConnection.php(606): CodeIgniter\Database\BaseConnection->simpleQuery('DROP TABLE `tip...')
#3 C:\xampp\htdocs\latihan\system\Database\Forge.php(637): CodeIgniter\Database\BaseConnection->query('DROP TABLE `tip...')
#4 C:\xampp\htdocs\latihan\app\Database\Migrations\2023-09-01-095929_Kamar.php(33): CodeIgniter\Database\Forge->dropTable('tipe_kamar')
#5 C:\xampp\htdocs\latihan\system\Database\MigrationRunner.php(877): App\Database\Migrations\Kamar->down()
#6 C:\xampp\htdocs\latihan\system\Database\MigrationRunner.php(299): CodeIgniter\Database\MigrationRunner->migrate('down', Object(stdClass))
#7 C:\xampp\htdocs\latihan\system\Commands\Database\MigrateRollback.php(92): CodeIgniter\Database\MigrationRunner->regress(0)
#8 C:\xampp\htdocs\latihan\system\CLI\Commands.php(65): CodeIgniter\Commands\Database\MigrateRollback->run(Array)
#9 C:\xampp\htdocs\latihan\system\CLI\BaseCommand.php(115): CodeIgniter\CLI\Commands->run('migrate:rollbac...', Array)
#10 C:\xampp\htdocs\latihan\system\Commands\Database\MigrateRefresh.php(84): CodeIgniter\CLI\BaseCommand->call('migrate:rollbac...', Array)
#11 C:\xampp\htdocs\latihan\system\CLI\Commands.php(65): CodeIgniter\Commands\Database\MigrateRefresh->run(Array)
#12 C:\xampp\htdocs\latihan\system\CLI\Console.php(37): CodeIgniter\CLI\Commands->run('migrate:refresh', Array)
#13 C:\xampp\htdocs\latihan\spark(97): CodeIgniter\CLI\Console->run()
#14 {main}
