ERROR - 2023-09-05 08:31:05 --> mysqli_sql_exception: Table 'tipe_kamar' already exists in C:\xampp\htdocs\hotel\system\Database\MySQLi\Connection.php:295
Stack trace:
#0 C:\xampp\htdocs\hotel\system\Database\MySQLi\Connection.php(295): mysqli->query('CREATE TABLE `t...', 0)
#1 C:\xampp\htdocs\hotel\system\Database\BaseConnection.php(692): CodeIgniter\Database\MySQLi\Connection->execute('CREATE TABLE `t...')
#2 C:\xampp\htdocs\hotel\system\Database\BaseConnection.php(606): CodeIgniter\Database\BaseConnection->simpleQuery('CREATE TABLE `t...')
#3 C:\xampp\htdocs\hotel\system\Database\Forge.php(546): CodeIgniter\Database\BaseConnection->query('CREATE TABLE `t...')
#4 C:\xampp\htdocs\hotel\app\Database\Migrations\2023-09-01-095929_Kamar.php(28): CodeIgniter\Database\Forge->createTable('tipe_kamar')
#5 C:\xampp\htdocs\hotel\system\Database\MigrationRunner.php(877): App\Database\Migrations\Kamar->up()
#6 C:\xampp\htdocs\hotel\system\Database\MigrationRunner.php(188): CodeIgniter\Database\MigrationRunner->migrate('up', Object(stdClass))
#7 C:\xampp\htdocs\hotel\system\Commands\Database\Migrate.php(84): CodeIgniter\Database\MigrationRunner->latest(NULL)
#8 C:\xampp\htdocs\hotel\system\CLI\Commands.php(65): CodeIgniter\Commands\Database\Migrate->run(Array)
#9 C:\xampp\htdocs\hotel\system\CLI\Console.php(37): CodeIgniter\CLI\Commands->run('migrate', Array)
#10 C:\xampp\htdocs\hotel\spark(97): CodeIgniter\CLI\Console->run()
#11 {main}
ERROR - 2023-09-05 08:32:18 --> mysqli_sql_exception: You have an error in your SQL syntax; check the manual that corresponds to your MariaDB server version for the right syntax to use near '(100) NOT NULL,
	`durasi` INT(5) NOT NULL,
	`discount` INT(9) NOT NULL,
	`tot...' at line 7 in C:\xampp\htdocs\hotel\system\Database\MySQLi\Connection.php:295
Stack trace:
#0 C:\xampp\htdocs\hotel\system\Database\MySQLi\Connection.php(295): mysqli->query('CREATE TABLE `p...', 0)
#1 C:\xampp\htdocs\hotel\system\Database\BaseConnection.php(692): CodeIgniter\Database\MySQLi\Connection->execute('CREATE TABLE `p...')
#2 C:\xampp\htdocs\hotel\system\Database\BaseConnection.php(606): CodeIgniter\Database\BaseConnection->simpleQuery('CREATE TABLE `p...')
#3 C:\xampp\htdocs\hotel\system\Database\Forge.php(546): CodeIgniter\Database\BaseConnection->query('CREATE TABLE `p...')
#4 C:\xampp\htdocs\hotel\app\Database\Migrations\2023-09-01-101543_Pemesanan.php(53): CodeIgniter\Database\Forge->createTable('pemesanan')
#5 C:\xampp\htdocs\hotel\system\Database\MigrationRunner.php(877): App\Database\Migrations\Booking->up()
#6 C:\xampp\htdocs\hotel\system\Database\MigrationRunner.php(188): CodeIgniter\Database\MigrationRunner->migrate('up', Object(stdClass))
#7 C:\xampp\htdocs\hotel\system\Commands\Database\Migrate.php(84): CodeIgniter\Database\MigrationRunner->latest(NULL)
#8 C:\xampp\htdocs\hotel\system\CLI\Commands.php(65): CodeIgniter\Commands\Database\Migrate->run(Array)
#9 C:\xampp\htdocs\hotel\system\CLI\Console.php(37): CodeIgniter\CLI\Commands->run('migrate', Array)
#10 C:\xampp\htdocs\hotel\spark(97): CodeIgniter\CLI\Console->run()
#11 {main}
ERROR - 2023-09-05 08:35:11 --> mysqli_sql_exception: You have an error in your SQL syntax; check the manual that corresponds to your MariaDB server version for the right syntax to use near '(100) NOT NULL,
	`durasi` INT(5) NOT NULL,
	`discount` INT(9) NOT NULL,
	`tot...' at line 7 in C:\xampp\htdocs\hotel\system\Database\MySQLi\Connection.php:295
Stack trace:
#0 C:\xampp\htdocs\hotel\system\Database\MySQLi\Connection.php(295): mysqli->query('CREATE TABLE `p...', 0)
#1 C:\xampp\htdocs\hotel\system\Database\BaseConnection.php(692): CodeIgniter\Database\MySQLi\Connection->execute('CREATE TABLE `p...')
#2 C:\xampp\htdocs\hotel\system\Database\BaseConnection.php(606): CodeIgniter\Database\BaseConnection->simpleQuery('CREATE TABLE `p...')
#3 C:\xampp\htdocs\hotel\system\Database\Forge.php(546): CodeIgniter\Database\BaseConnection->query('CREATE TABLE `p...')
#4 C:\xampp\htdocs\hotel\app\Database\Migrations\2023-09-01-101543_Pemesanan.php(53): CodeIgniter\Database\Forge->createTable('pemesanan')
#5 C:\xampp\htdocs\hotel\system\Database\MigrationRunner.php(877): App\Database\Migrations\Booking->up()
#6 C:\xampp\htdocs\hotel\system\Database\MigrationRunner.php(188): CodeIgniter\Database\MigrationRunner->migrate('up', Object(stdClass))
#7 C:\xampp\htdocs\hotel\system\Commands\Database\Migrate.php(84): CodeIgniter\Database\MigrationRunner->latest(NULL)
#8 C:\xampp\htdocs\hotel\system\CLI\Commands.php(65): CodeIgniter\Commands\Database\Migrate->run(Array)
#9 C:\xampp\htdocs\hotel\system\CLI\Console.php(37): CodeIgniter\CLI\Commands->run('migrate', Array)
#10 C:\xampp\htdocs\hotel\spark(97): CodeIgniter\CLI\Console->run()
#11 {main}
ERROR - 2023-09-05 08:37:00 --> mysqli_sql_exception: You have an error in your SQL syntax; check the manual that corresponds to your MariaDB server version for the right syntax to use near '(100) NOT NULL,
	`durasi` INT(5) NOT NULL,
	`discount` INT(9) NOT NULL,
	`tot...' at line 7 in C:\xampp\htdocs\hotel\system\Database\MySQLi\Connection.php:295
Stack trace:
#0 C:\xampp\htdocs\hotel\system\Database\MySQLi\Connection.php(295): mysqli->query('CREATE TABLE `p...', 0)
#1 C:\xampp\htdocs\hotel\system\Database\BaseConnection.php(692): CodeIgniter\Database\MySQLi\Connection->execute('CREATE TABLE `p...')
#2 C:\xampp\htdocs\hotel\system\Database\BaseConnection.php(606): CodeIgniter\Database\BaseConnection->simpleQuery('CREATE TABLE `p...')
#3 C:\xampp\htdocs\hotel\system\Database\Forge.php(546): CodeIgniter\Database\BaseConnection->query('CREATE TABLE `p...')
#4 C:\xampp\htdocs\hotel\app\Database\Migrations\2023-09-01-101543_Pemesanan.php(53): CodeIgniter\Database\Forge->createTable('pemesanan')
#5 C:\xampp\htdocs\hotel\system\Database\MigrationRunner.php(877): App\Database\Migrations\Booking->up()
#6 C:\xampp\htdocs\hotel\system\Database\MigrationRunner.php(188): CodeIgniter\Database\MigrationRunner->migrate('up', Object(stdClass))
#7 C:\xampp\htdocs\hotel\system\Commands\Database\Migrate.php(84): CodeIgniter\Database\MigrationRunner->latest(NULL)
#8 C:\xampp\htdocs\hotel\system\CLI\Commands.php(65): CodeIgniter\Commands\Database\Migrate->run(Array)
#9 C:\xampp\htdocs\hotel\system\CLI\Console.php(37): CodeIgniter\CLI\Commands->run('migrate', Array)
#10 C:\xampp\htdocs\hotel\spark(97): CodeIgniter\CLI\Console->run()
#11 {main}
ERROR - 2023-09-05 08:38:06 --> mysqli_sql_exception: You have an error in your SQL syntax; check the manual that corresponds to your MariaDB server version for the right syntax to use near '(100) NOT NULL,
	`durasi` INT(5) NOT NULL,
	`discount` INT(9) NOT NULL,
	`tot...' at line 7 in C:\xampp\htdocs\hotel\system\Database\MySQLi\Connection.php:295
Stack trace:
#0 C:\xampp\htdocs\hotel\system\Database\MySQLi\Connection.php(295): mysqli->query('CREATE TABLE `p...', 0)
#1 C:\xampp\htdocs\hotel\system\Database\BaseConnection.php(692): CodeIgniter\Database\MySQLi\Connection->execute('CREATE TABLE `p...')
#2 C:\xampp\htdocs\hotel\system\Database\BaseConnection.php(606): CodeIgniter\Database\BaseConnection->simpleQuery('CREATE TABLE `p...')
#3 C:\xampp\htdocs\hotel\system\Database\Forge.php(546): CodeIgniter\Database\BaseConnection->query('CREATE TABLE `p...')
#4 C:\xampp\htdocs\hotel\app\Database\Migrations\2023-09-01-101543_Pemesanan.php(53): CodeIgniter\Database\Forge->createTable('pemesanan')
#5 C:\xampp\htdocs\hotel\system\Database\MigrationRunner.php(877): App\Database\Migrations\Booking->up()
#6 C:\xampp\htdocs\hotel\system\Database\MigrationRunner.php(188): CodeIgniter\Database\MigrationRunner->migrate('up', Object(stdClass))
#7 C:\xampp\htdocs\hotel\system\Commands\Database\Migrate.php(84): CodeIgniter\Database\MigrationRunner->latest(NULL)
#8 C:\xampp\htdocs\hotel\system\CLI\Commands.php(65): CodeIgniter\Commands\Database\Migrate->run(Array)
#9 C:\xampp\htdocs\hotel\system\CLI\Console.php(37): CodeIgniter\CLI\Commands->run('migrate', Array)
#10 C:\xampp\htdocs\hotel\spark(97): CodeIgniter\CLI\Console->run()
#11 {main}
ERROR - 2023-09-05 08:38:39 --> mysqli_sql_exception: You have an error in your SQL syntax; check the manual that corresponds to your MariaDB server version for the right syntax to use near '(100) NOT NULL,
	`durasi` INT(5) NOT NULL,
	`discount` INT(9) NOT NULL,
	`tot...' at line 7 in C:\xampp\htdocs\hotel\system\Database\MySQLi\Connection.php:295
Stack trace:
#0 C:\xampp\htdocs\hotel\system\Database\MySQLi\Connection.php(295): mysqli->query('CREATE TABLE `p...', 0)
#1 C:\xampp\htdocs\hotel\system\Database\BaseConnection.php(692): CodeIgniter\Database\MySQLi\Connection->execute('CREATE TABLE `p...')
#2 C:\xampp\htdocs\hotel\system\Database\BaseConnection.php(606): CodeIgniter\Database\BaseConnection->simpleQuery('CREATE TABLE `p...')
#3 C:\xampp\htdocs\hotel\system\Database\Forge.php(546): CodeIgniter\Database\BaseConnection->query('CREATE TABLE `p...')
#4 C:\xampp\htdocs\hotel\app\Database\Migrations\2023-09-01-101543_Pemesanan.php(53): CodeIgniter\Database\Forge->createTable('pemesanan')
#5 C:\xampp\htdocs\hotel\system\Database\MigrationRunner.php(877): App\Database\Migrations\Booking->up()
#6 C:\xampp\htdocs\hotel\system\Database\MigrationRunner.php(188): CodeIgniter\Database\MigrationRunner->migrate('up', Object(stdClass))
#7 C:\xampp\htdocs\hotel\system\Commands\Database\Migrate.php(84): CodeIgniter\Database\MigrationRunner->latest(NULL)
#8 C:\xampp\htdocs\hotel\system\CLI\Commands.php(65): CodeIgniter\Commands\Database\Migrate->run(Array)
#9 C:\xampp\htdocs\hotel\system\CLI\Console.php(37): CodeIgniter\CLI\Commands->run('migrate', Array)
#10 C:\xampp\htdocs\hotel\spark(97): CodeIgniter\CLI\Console->run()
#11 {main}
ERROR - 2023-09-05 08:39:31 --> mysqli_sql_exception: You have an error in your SQL syntax; check the manual that corresponds to your MariaDB server version for the right syntax to use near '(100) NOT NULL,
	`durasi` INT(5) NOT NULL,
	`discount` INT(9) NOT NULL,
	`tot...' at line 7 in C:\xampp\htdocs\hotel\system\Database\MySQLi\Connection.php:295
Stack trace:
#0 C:\xampp\htdocs\hotel\system\Database\MySQLi\Connection.php(295): mysqli->query('CREATE TABLE `p...', 0)
#1 C:\xampp\htdocs\hotel\system\Database\BaseConnection.php(692): CodeIgniter\Database\MySQLi\Connection->execute('CREATE TABLE `p...')
#2 C:\xampp\htdocs\hotel\system\Database\BaseConnection.php(606): CodeIgniter\Database\BaseConnection->simpleQuery('CREATE TABLE `p...')
#3 C:\xampp\htdocs\hotel\system\Database\Forge.php(546): CodeIgniter\Database\BaseConnection->query('CREATE TABLE `p...')
#4 C:\xampp\htdocs\hotel\app\Database\Migrations\2023-09-01-101543_Pemesanan.php(53): CodeIgniter\Database\Forge->createTable('pemesanan')
#5 C:\xampp\htdocs\hotel\system\Database\MigrationRunner.php(877): App\Database\Migrations\Booking->up()
#6 C:\xampp\htdocs\hotel\system\Database\MigrationRunner.php(188): CodeIgniter\Database\MigrationRunner->migrate('up', Object(stdClass))
#7 C:\xampp\htdocs\hotel\system\Commands\Database\Migrate.php(84): CodeIgniter\Database\MigrationRunner->latest(NULL)
#8 C:\xampp\htdocs\hotel\system\CLI\Commands.php(65): CodeIgniter\Commands\Database\Migrate->run(Array)
#9 C:\xampp\htdocs\hotel\system\CLI\Console.php(37): CodeIgniter\CLI\Commands->run('migrate', Array)
#10 C:\xampp\htdocs\hotel\spark(97): CodeIgniter\CLI\Console->run()
#11 {main}
ERROR - 2023-09-05 08:39:50 --> mysqli_sql_exception: You have an error in your SQL syntax; check the manual that corresponds to your MariaDB server version for the right syntax to use near '(100) NOT NULL,
	`durasi` INT(5) NOT NULL,
	`discount` INT(9) NOT NULL,
	`tot...' at line 7 in C:\xampp\htdocs\hotel\system\Database\MySQLi\Connection.php:295
Stack trace:
#0 C:\xampp\htdocs\hotel\system\Database\MySQLi\Connection.php(295): mysqli->query('CREATE TABLE `p...', 0)
#1 C:\xampp\htdocs\hotel\system\Database\BaseConnection.php(692): CodeIgniter\Database\MySQLi\Connection->execute('CREATE TABLE `p...')
#2 C:\xampp\htdocs\hotel\system\Database\BaseConnection.php(606): CodeIgniter\Database\BaseConnection->simpleQuery('CREATE TABLE `p...')
#3 C:\xampp\htdocs\hotel\system\Database\Forge.php(546): CodeIgniter\Database\BaseConnection->query('CREATE TABLE `p...')
#4 C:\xampp\htdocs\hotel\app\Database\Migrations\2023-09-01-101543_Pemesanan.php(53): CodeIgniter\Database\Forge->createTable('pemesanan')
#5 C:\xampp\htdocs\hotel\system\Database\MigrationRunner.php(877): App\Database\Migrations\Booking->up()
#6 C:\xampp\htdocs\hotel\system\Database\MigrationRunner.php(188): CodeIgniter\Database\MigrationRunner->migrate('up', Object(stdClass))
#7 C:\xampp\htdocs\hotel\system\Commands\Database\Migrate.php(84): CodeIgniter\Database\MigrationRunner->latest(NULL)
#8 C:\xampp\htdocs\hotel\system\CLI\Commands.php(65): CodeIgniter\Commands\Database\Migrate->run(Array)
#9 C:\xampp\htdocs\hotel\system\CLI\Console.php(37): CodeIgniter\CLI\Commands->run('migrate', Array)
#10 C:\xampp\htdocs\hotel\spark(97): CodeIgniter\CLI\Console->run()
#11 {main}
